2023-12-29 09:46:52.287 - ETL_FT_SD_TO_XSIFF [ERROR   ] 文档开头格式不规范，请检查，文件名为：QG35-CW_GD400TAS100L6S_只有数字.xlsx
2023-12-29 09:46:52.468 - __init__   [ERROR   ] File:QG35-CW_GD400TAS100L6S_只有数字.xlsx Move To Error Folder
                                                Error: None
2023-12-29 09:46:52.704 - ETL_FT_SD_TO_XSIFF [ERROR   ] 文档开头格式不规范，请检查，文件名为：TLECGQG81-CW_阳光GD200FYS100L6S_取不到header数据..xlsx
2023-12-29 09:46:52.843 - __init__   [ERROR   ] File:TLECGQG81-CW_阳光GD200FYS100L6S_取不到header数据..xlsx Move To Error Folder
                                                Error: None
2023-12-29 09:46:53.013 - ETL_FT_SD_TO_XSIFF [ERROR   ] 文档开头格式不规范，请检查，文件名为：XLECHQ122-CW-FC_新阳光-GD200FYS100L6S-CW_多列测试.xlsx
2023-12-29 09:46:53.188 - __init__   [ERROR   ] File:XLECHQ122-CW-FC_新阳光-GD200FYS100L6S-CW_多列测试.xlsx Move To Error Folder
                                                Error: None
2023-12-29 09:46:53.634 - ETL_FT_SD_TO_XSIFF [ERROR   ] 文档开头格式不规范，请检查，文件名为：XLECHQ217-CW-FC_新阳光GD200FYS100L6S-CW.xlsx
2023-12-29 09:46:53.873 - __init__   [ERROR   ] File:XLECHQ217-CW-FC_新阳光GD200FYS100L6S-CW.xlsx Move To Error Folder
                                                Error: None
2023-12-29 09:46:58.683 - ETL_FT_SD_TO_XSIFF [ERROR   ] 文档开头格式不规范，请检查，文件名为：XWECIQ743-CW_新阳光GD600MLS100L6S-CW-D125486-左.xlsx
2023-12-29 09:46:58.901 - __init__   [ERROR   ] File:XWECIQ743-CW_新阳光GD600MLS100L6S-CW-D125486-左.xlsx Move To Error Folder
                                                Error: None
2023-12-29 09:46:59.989 - ETL_FT_SD_TO_XSIFF [ERROR   ] 文档开头格式不规范，请检查，文件名为：XWECYQH20-CW_GD600MLS100L6S_取不到header数据.xlsx
2023-12-29 09:47:00.151 - __init__   [ERROR   ] File:XWECYQH20-CW_GD600MLS100L6S_取不到header数据.xlsx Move To Error Folder
                                                Error: None
2023-12-29 09:47:01.092 - ETL_FT_SD_TO_XSIFF [ERROR   ] 文档开头格式不规范，请检查，文件名为：XWECYQH62-GW_GD600MLS100L6S-GW.xlsx
2023-12-29 09:47:01.292 - __init__   [ERROR   ] File:XWECYQH62-GW_GD600MLS100L6S-GW.xlsx Move To Error Folder
                                                Error: None
2023-12-29 09:47:02.141 - ETL_FT_SD_TO_XSIFF [ERROR   ] 文档开头格式不规范，请检查，文件名为：XWECZQB06-GW_新GD600MJS100L6S-GW.xlsx
2023-12-29 09:47:02.373 - __init__   [ERROR   ] File:XWECZQB06-GW_新GD600MJS100L6S-GW.xlsx Move To Error Folder
                                                Error: None
2023-12-29 09:47:03.553 - ETL_FT_SD_TO_XSIFF [ERROR   ] 文档开头格式不规范，请检查，文件名为：XWECZS889-GW_新阳光GD600MLS100L6S-GW.xlsx
2023-12-29 09:47:03.813 - __init__   [ERROR   ] File:XWECZS889-GW_新阳光GD600MLS100L6S-GW.xlsx Move To Error Folder
                                                Error: None
2023-12-29 10:03:56.394 - ETL_FT_SD_TO_XSIFF [ERROR   ] 文档开头格式不规范，请检查，文件名为：QG35-CW_GD400TAS100L6S_只有数字.xlsx
2023-12-29 10:03:56.605 - __init__   [ERROR   ] File:QG35-CW_GD400TAS100L6S_只有数字.xlsx Move To Error Folder
                                                Error: None
2023-12-29 10:03:56.750 - ETL_FT_SD_TO_XSIFF [ERROR   ] 文档开头格式不规范，请检查，文件名为：TLECGQG81-CW_阳光GD200FYS100L6S_取不到header数据..xlsx
2023-12-29 10:03:56.918 - __init__   [ERROR   ] File:TLECGQG81-CW_阳光GD200FYS100L6S_取不到header数据..xlsx Move To Error Folder
                                                Error: None
2023-12-29 10:03:56.994 - ETL_FT_SD_TO_XSIFF [ERROR   ] 文档开头格式不规范，请检查，文件名为：XLECHQ122-CW-FC_新阳光-GD200FYS100L6S-CW_多列测试.xlsx
2023-12-29 10:03:57.119 - __init__   [ERROR   ] File:XLECHQ122-CW-FC_新阳光-GD200FYS100L6S-CW_多列测试.xlsx Move To Error Folder
                                                Error: None
2023-12-29 10:03:57.299 - ETL_FT_SD_TO_XSIFF [ERROR   ] 文档开头格式不规范，请检查，文件名为：XLECHQ217-CW-FC_新阳光GD200FYS100L6S-CW.xlsx
2023-12-29 10:03:57.433 - __init__   [ERROR   ] File:XLECHQ217-CW-FC_新阳光GD200FYS100L6S-CW.xlsx Move To Error Folder
                                                Error: None
2023-12-29 10:03:59.047 - ETL_FT_SD_TO_XSIFF [ERROR   ] 文档开头格式不规范，请检查，文件名为：XWECIQ743-CW_新阳光GD600MLS100L6S-CW-D125486-左.xlsx
2023-12-29 10:03:59.174 - __init__   [ERROR   ] File:XWECIQ743-CW_新阳光GD600MLS100L6S-CW-D125486-左.xlsx Move To Error Folder
                                                Error: None
2023-12-29 10:03:59.505 - ETL_FT_SD_TO_XSIFF [ERROR   ] 文档开头格式不规范，请检查，文件名为：XWECYQH20-CW_GD600MLS100L6S_取不到header数据.xlsx
2023-12-29 10:03:59.665 - __init__   [ERROR   ] File:XWECYQH20-CW_GD600MLS100L6S_取不到header数据.xlsx Move To Error Folder
                                                Error: None
2023-12-29 10:03:59.967 - ETL_FT_SD_TO_XSIFF [ERROR   ] 文档开头格式不规范，请检查，文件名为：XWECYQH62-GW_GD600MLS100L6S-GW.xlsx
2023-12-29 10:04:00.117 - __init__   [ERROR   ] File:XWECYQH62-GW_GD600MLS100L6S-GW.xlsx Move To Error Folder
                                                Error: None
2023-12-29 10:04:00.406 - ETL_FT_SD_TO_XSIFF [ERROR   ] 文档开头格式不规范，请检查，文件名为：XWECZQB06-GW_新GD600MJS100L6S-GW.xlsx
2023-12-29 10:04:00.545 - __init__   [ERROR   ] File:XWECZQB06-GW_新GD600MJS100L6S-GW.xlsx Move To Error Folder
                                                Error: None
2023-12-29 10:04:00.964 - ETL_FT_SD_TO_XSIFF [ERROR   ] 文档开头格式不规范，请检查，文件名为：XWECZS889-GW_新阳光GD600MLS100L6S-GW.xlsx
2023-12-29 10:04:01.103 - __init__   [ERROR   ] File:XWECZS889-GW_新阳光GD600MLS100L6S-GW.xlsx Move To Error Folder
                                                Error: None
2023-12-29 10:06:41.945 - ETL_FT_SD_TO_XSIFF [ERROR   ] 文档开头格式不规范，请检查，文件名为：QG35-CW_GD400TAS100L6S_只有数字.xlsx
2023-12-29 10:06:42.145 - __init__   [ERROR   ] File:QG35-CW_GD400TAS100L6S_只有数字.xlsx Move To Error Folder
                                                Error: None
2023-12-29 10:06:42.283 - ETL_FT_SD_TO_XSIFF [ERROR   ] 文档开头格式不规范，请检查，文件名为：TLECGQG81-CW_阳光GD200FYS100L6S_取不到header数据..xlsx
2023-12-29 10:06:42.481 - __init__   [ERROR   ] File:TLECGQG81-CW_阳光GD200FYS100L6S_取不到header数据..xlsx Move To Error Folder
                                                Error: None
2023-12-29 10:06:42.700 - ETL_FT_SD_TO_XSIFF [ERROR   ] 'Serial no.'
Traceback (most recent call last):
  File "D:\Python37\lib\site-packages\pandas\core\indexes\base.py", line 2898, in get_loc
    return self._engine.get_loc(casted_key)
  File "pandas\_libs\index.pyx", line 70, in pandas._libs.index.IndexEngine.get_loc
  File "pandas\_libs\index.pyx", line 98, in pandas._libs.index.IndexEngine.get_loc
  File "pandas\_libs\index_class_helper.pxi", line 93, in pandas._libs.index.Int64Engine._check_type
KeyError: 'Serial no.'

The above exception was the direct cause of the following exception:

Traceback (most recent call last):
  File "D:/Ina/ETL_XdmLib_2.A.13/ETL_XdmLib_2.A.13/EDAETL/ETL_TABLE/ETL_FT_SD_TO_XSIFF/ETL_FT_SD_TO_XSIFF.py", line 209, in do_file
    part_id = row['Serial no.'].split(' ')[1][-4:]
  File "D:\Python37\lib\site-packages\pandas\core\series.py", line 882, in __getitem__
    return self._get_value(key)
  File "D:\Python37\lib\site-packages\pandas\core\series.py", line 990, in _get_value
    loc = self.index.get_loc(label)
  File "D:\Python37\lib\site-packages\pandas\core\indexes\base.py", line 2900, in get_loc
    raise KeyError(key) from err
KeyError: 'Serial no.'
Stack (most recent call last):
  File "D:/Ina/ETL_XdmLib_2.A.13/ETL_XdmLib_2.A.13/EDAETL/ETL_TABLE/ETL_FT_SD_TO_XSIFF/ETL_FT_SD_TO_XSIFF.py", line 524, in <module>
    skip_file, None, log, config, config_sql)
  File "../..\XdmLib\CustomFuction.py", line 597, in file2db_init
    file, pre_params, db_src, db_tgt)
  File "D:/Ina/ETL_XdmLib_2.A.13/ETL_XdmLib_2.A.13/EDAETL/ETL_TABLE/ETL_FT_SD_TO_XSIFF/ETL_FT_SD_TO_XSIFF.py", line 344, in do_file
    log.error(ex, exc_info=True, stack_info=True)
2023-12-29 10:06:42.921 - __init__   [ERROR   ] File:XLECHQ122-CW-FC_新阳光-GD200FYS100L6S-CW_多列测试.xlsx Move To Error Folder
                                                Error: None
2023-12-29 10:06:43.127 - ETL_FT_SD_TO_XSIFF [ERROR   ] 文档开头格式不规范，请检查，文件名为：XLECHQ217-CW-FC_新阳光GD200FYS100L6S-CW.xlsx
2023-12-29 10:06:43.243 - __init__   [ERROR   ] File:XLECHQ217-CW-FC_新阳光GD200FYS100L6S-CW.xlsx Move To Error Folder
                                                Error: None
2023-12-29 10:06:46.692 - ETL_FT_SD_TO_XSIFF [ERROR   ] 'Serial no.'
Traceback (most recent call last):
  File "D:\Python37\lib\site-packages\pandas\core\indexes\base.py", line 2898, in get_loc
    return self._engine.get_loc(casted_key)
  File "pandas\_libs\index.pyx", line 70, in pandas._libs.index.IndexEngine.get_loc
  File "pandas\_libs\index.pyx", line 98, in pandas._libs.index.IndexEngine.get_loc
  File "pandas\_libs\index_class_helper.pxi", line 93, in pandas._libs.index.Int64Engine._check_type
KeyError: 'Serial no.'

The above exception was the direct cause of the following exception:

Traceback (most recent call last):
  File "D:/Ina/ETL_XdmLib_2.A.13/ETL_XdmLib_2.A.13/EDAETL/ETL_TABLE/ETL_FT_SD_TO_XSIFF/ETL_FT_SD_TO_XSIFF.py", line 209, in do_file
    part_id = row['Serial no.'].split(' ')[1][-4:]
  File "D:\Python37\lib\site-packages\pandas\core\series.py", line 882, in __getitem__
    return self._get_value(key)
  File "D:\Python37\lib\site-packages\pandas\core\series.py", line 990, in _get_value
    loc = self.index.get_loc(label)
  File "D:\Python37\lib\site-packages\pandas\core\indexes\base.py", line 2900, in get_loc
    raise KeyError(key) from err
KeyError: 'Serial no.'
Stack (most recent call last):
  File "D:/Ina/ETL_XdmLib_2.A.13/ETL_XdmLib_2.A.13/EDAETL/ETL_TABLE/ETL_FT_SD_TO_XSIFF/ETL_FT_SD_TO_XSIFF.py", line 524, in <module>
    skip_file, None, log, config, config_sql)
  File "../..\XdmLib\CustomFuction.py", line 597, in file2db_init
    file, pre_params, db_src, db_tgt)
  File "D:/Ina/ETL_XdmLib_2.A.13/ETL_XdmLib_2.A.13/EDAETL/ETL_TABLE/ETL_FT_SD_TO_XSIFF/ETL_FT_SD_TO_XSIFF.py", line 344, in do_file
    log.error(ex, exc_info=True, stack_info=True)
2023-12-29 10:06:46.906 - __init__   [ERROR   ] File:XWECIQ743-CW_新阳光GD600MLS100L6S-CW-D125486-左.xlsx Move To Error Folder
                                                Error: None
2023-12-29 10:06:47.673 - ETL_FT_SD_TO_XSIFF [ERROR   ] 'Serial no.'
Traceback (most recent call last):
  File "D:\Python37\lib\site-packages\pandas\core\indexes\base.py", line 2898, in get_loc
    return self._engine.get_loc(casted_key)
  File "pandas\_libs\index.pyx", line 70, in pandas._libs.index.IndexEngine.get_loc
  File "pandas\_libs\index.pyx", line 98, in pandas._libs.index.IndexEngine.get_loc
  File "pandas\_libs\index_class_helper.pxi", line 93, in pandas._libs.index.Int64Engine._check_type
KeyError: 'Serial no.'

The above exception was the direct cause of the following exception:

Traceback (most recent call last):
  File "D:/Ina/ETL_XdmLib_2.A.13/ETL_XdmLib_2.A.13/EDAETL/ETL_TABLE/ETL_FT_SD_TO_XSIFF/ETL_FT_SD_TO_XSIFF.py", line 209, in do_file
    part_id = row['Serial no.'].split(' ')[1][-4:]
  File "D:\Python37\lib\site-packages\pandas\core\series.py", line 882, in __getitem__
    return self._get_value(key)
  File "D:\Python37\lib\site-packages\pandas\core\series.py", line 990, in _get_value
    loc = self.index.get_loc(label)
  File "D:\Python37\lib\site-packages\pandas\core\indexes\base.py", line 2900, in get_loc
    raise KeyError(key) from err
KeyError: 'Serial no.'
Stack (most recent call last):
  File "D:/Ina/ETL_XdmLib_2.A.13/ETL_XdmLib_2.A.13/EDAETL/ETL_TABLE/ETL_FT_SD_TO_XSIFF/ETL_FT_SD_TO_XSIFF.py", line 524, in <module>
    skip_file, None, log, config, config_sql)
  File "../..\XdmLib\CustomFuction.py", line 597, in file2db_init
    file, pre_params, db_src, db_tgt)
  File "D:/Ina/ETL_XdmLib_2.A.13/ETL_XdmLib_2.A.13/EDAETL/ETL_TABLE/ETL_FT_SD_TO_XSIFF/ETL_FT_SD_TO_XSIFF.py", line 344, in do_file
    log.error(ex, exc_info=True, stack_info=True)
2023-12-29 10:06:47.891 - __init__   [ERROR   ] File:XWECYQH20-CW_GD600MLS100L6S_取不到header数据.xlsx Move To Error Folder
                                                Error: None
2023-12-29 10:06:48.202 - ETL_FT_SD_TO_XSIFF [ERROR   ] 文档开头格式不规范，请检查，文件名为：XWECYQH62-GW_GD600MLS100L6S-GW.xlsx
2023-12-29 10:06:48.392 - __init__   [ERROR   ] File:XWECYQH62-GW_GD600MLS100L6S-GW.xlsx Move To Error Folder
                                                Error: None
2023-12-29 10:06:49.043 - ETL_FT_SD_TO_XSIFF [ERROR   ] 'Serial no.'
Traceback (most recent call last):
  File "D:\Python37\lib\site-packages\pandas\core\indexes\base.py", line 2898, in get_loc
    return self._engine.get_loc(casted_key)
  File "pandas\_libs\index.pyx", line 70, in pandas._libs.index.IndexEngine.get_loc
  File "pandas\_libs\index.pyx", line 98, in pandas._libs.index.IndexEngine.get_loc
  File "pandas\_libs\index_class_helper.pxi", line 93, in pandas._libs.index.Int64Engine._check_type
KeyError: 'Serial no.'

The above exception was the direct cause of the following exception:

Traceback (most recent call last):
  File "D:/Ina/ETL_XdmLib_2.A.13/ETL_XdmLib_2.A.13/EDAETL/ETL_TABLE/ETL_FT_SD_TO_XSIFF/ETL_FT_SD_TO_XSIFF.py", line 209, in do_file
    part_id = row['Serial no.'].split(' ')[1][-4:]
  File "D:\Python37\lib\site-packages\pandas\core\series.py", line 882, in __getitem__
    return self._get_value(key)
  File "D:\Python37\lib\site-packages\pandas\core\series.py", line 990, in _get_value
    loc = self.index.get_loc(label)
  File "D:\Python37\lib\site-packages\pandas\core\indexes\base.py", line 2900, in get_loc
    raise KeyError(key) from err
KeyError: 'Serial no.'
Stack (most recent call last):
  File "D:/Ina/ETL_XdmLib_2.A.13/ETL_XdmLib_2.A.13/EDAETL/ETL_TABLE/ETL_FT_SD_TO_XSIFF/ETL_FT_SD_TO_XSIFF.py", line 524, in <module>
    skip_file, None, log, config, config_sql)
  File "../..\XdmLib\CustomFuction.py", line 597, in file2db_init
    file, pre_params, db_src, db_tgt)
  File "D:/Ina/ETL_XdmLib_2.A.13/ETL_XdmLib_2.A.13/EDAETL/ETL_TABLE/ETL_FT_SD_TO_XSIFF/ETL_FT_SD_TO_XSIFF.py", line 344, in do_file
    log.error(ex, exc_info=True, stack_info=True)
2023-12-29 10:06:49.198 - __init__   [ERROR   ] File:XWECZQB06-GW_新GD600MJS100L6S-GW.xlsx Move To Error Folder
                                                Error: None
2023-12-29 10:06:50.025 - ETL_FT_SD_TO_XSIFF [ERROR   ] 'Serial no.'
Traceback (most recent call last):
  File "D:\Python37\lib\site-packages\pandas\core\indexes\base.py", line 2898, in get_loc
    return self._engine.get_loc(casted_key)
  File "pandas\_libs\index.pyx", line 70, in pandas._libs.index.IndexEngine.get_loc
  File "pandas\_libs\index.pyx", line 98, in pandas._libs.index.IndexEngine.get_loc
  File "pandas\_libs\index_class_helper.pxi", line 93, in pandas._libs.index.Int64Engine._check_type
KeyError: 'Serial no.'

The above exception was the direct cause of the following exception:

Traceback (most recent call last):
  File "D:/Ina/ETL_XdmLib_2.A.13/ETL_XdmLib_2.A.13/EDAETL/ETL_TABLE/ETL_FT_SD_TO_XSIFF/ETL_FT_SD_TO_XSIFF.py", line 209, in do_file
    part_id = row['Serial no.'].split(' ')[1][-4:]
  File "D:\Python37\lib\site-packages\pandas\core\series.py", line 882, in __getitem__
    return self._get_value(key)
  File "D:\Python37\lib\site-packages\pandas\core\series.py", line 990, in _get_value
    loc = self.index.get_loc(label)
  File "D:\Python37\lib\site-packages\pandas\core\indexes\base.py", line 2900, in get_loc
    raise KeyError(key) from err
KeyError: 'Serial no.'
Stack (most recent call last):
  File "D:/Ina/ETL_XdmLib_2.A.13/ETL_XdmLib_2.A.13/EDAETL/ETL_TABLE/ETL_FT_SD_TO_XSIFF/ETL_FT_SD_TO_XSIFF.py", line 524, in <module>
    skip_file, None, log, config, config_sql)
  File "../..\XdmLib\CustomFuction.py", line 597, in file2db_init
    file, pre_params, db_src, db_tgt)
  File "D:/Ina/ETL_XdmLib_2.A.13/ETL_XdmLib_2.A.13/EDAETL/ETL_TABLE/ETL_FT_SD_TO_XSIFF/ETL_FT_SD_TO_XSIFF.py", line 344, in do_file
    log.error(ex, exc_info=True, stack_info=True)
2023-12-29 10:06:50.178 - __init__   [ERROR   ] File:XWECZS889-GW_新阳光GD600MLS100L6S-GW.xlsx Move To Error Folder
                                                Error: None
2023-12-29 10:22:58.177 - ETL_FT_SD_TO_XSIFF [ERROR   ] 文档开头格式不规范，请检查，文件名为：QG35-CW_GD400TAS100L6S_只有数字.xlsx
2023-12-29 10:22:58.326 - __init__   [ERROR   ] File:QG35-CW_GD400TAS100L6S_只有数字.xlsx Move To Error Folder
                                                Error: None
2023-12-29 10:22:58.522 - ETL_FT_SD_TO_XSIFF [ERROR   ] 文档开头格式不规范，请检查，文件名为：TLECGQG81-CW_阳光GD200FYS100L6S_取不到header数据..xlsx
2023-12-29 10:22:58.756 - __init__   [ERROR   ] File:TLECGQG81-CW_阳光GD200FYS100L6S_取不到header数据..xlsx Move To Error Folder
                                                Error: None
2023-12-29 10:22:59.198 - ETL_FT_SD_TO_XSIFF [ERROR   ] 'Serial no.'
Traceback (most recent call last):
  File "D:\Python37\lib\site-packages\pandas\core\indexes\base.py", line 2898, in get_loc
    return self._engine.get_loc(casted_key)
  File "pandas\_libs\index.pyx", line 70, in pandas._libs.index.IndexEngine.get_loc
  File "pandas\_libs\index.pyx", line 98, in pandas._libs.index.IndexEngine.get_loc
  File "pandas\_libs\index_class_helper.pxi", line 93, in pandas._libs.index.Int64Engine._check_type
KeyError: 'Serial no.'

The above exception was the direct cause of the following exception:

Traceback (most recent call last):
  File "D:/Ina/ETL_XdmLib_2.A.13/ETL_XdmLib_2.A.13/EDAETL/ETL_TABLE/ETL_FT_SD_TO_XSIFF/ETL_FT_SD_TO_XSIFF.py", line 209, in do_file
    part_id = row['Serial no.'].split(' ')[1][-4:]
  File "D:\Python37\lib\site-packages\pandas\core\series.py", line 882, in __getitem__
    return self._get_value(key)
  File "D:\Python37\lib\site-packages\pandas\core\series.py", line 990, in _get_value
    loc = self.index.get_loc(label)
  File "D:\Python37\lib\site-packages\pandas\core\indexes\base.py", line 2900, in get_loc
    raise KeyError(key) from err
KeyError: 'Serial no.'
Stack (most recent call last):
  File "D:\soft\PyCharm Community Edition 2022.1.3\plugins\python-ce\helpers\pydev\pydevd.py", line 2181, in <module>
    main()
  File "D:\soft\PyCharm Community Edition 2022.1.3\plugins\python-ce\helpers\pydev\pydevd.py", line 2172, in main
    globals = debugger.run(setup['file'], None, None, is_module)
  File "D:\soft\PyCharm Community Edition 2022.1.3\plugins\python-ce\helpers\pydev\pydevd.py", line 1484, in run
    return self._exec(is_module, entry_point_fn, module_name, file, globals, locals)
  File "D:\soft\PyCharm Community Edition 2022.1.3\plugins\python-ce\helpers\pydev\pydevd.py", line 1491, in _exec
    pydev_imports.execfile(file, globals, locals)  # execute the script
  File "D:\soft\PyCharm Community Edition 2022.1.3\plugins\python-ce\helpers\pydev\_pydev_imps\_pydev_execfile.py", line 18, in execfile
    exec(compile(contents+"\n", file, 'exec'), glob, loc)
  File "D:/Ina/ETL_XdmLib_2.A.13/ETL_XdmLib_2.A.13/EDAETL/ETL_TABLE/ETL_FT_SD_TO_XSIFF/ETL_FT_SD_TO_XSIFF.py", line 524, in <module>
    skip_file, None, log, config, config_sql)
  File "../..\XdmLib\CustomFuction.py", line 597, in file2db_init
    file, pre_params, db_src, db_tgt)
  File "D:/Ina/ETL_XdmLib_2.A.13/ETL_XdmLib_2.A.13/EDAETL/ETL_TABLE/ETL_FT_SD_TO_XSIFF/ETL_FT_SD_TO_XSIFF.py", line 344, in do_file
    log.error(ex, exc_info=True, stack_info=True)
2023-12-29 10:22:59.472 - __init__   [ERROR   ] File:XLECHQ122-CW-FC_新阳光-GD200FYS100L6S-CW_多列测试.xlsx Move To Error Folder
                                                Error: None
2023-12-29 10:22:59.932 - ETL_FT_SD_TO_XSIFF [ERROR   ] 文档开头格式不规范，请检查，文件名为：XLECHQ217-CW-FC_新阳光GD200FYS100L6S-CW.xlsx
2023-12-29 10:23:00.124 - __init__   [ERROR   ] File:XLECHQ217-CW-FC_新阳光GD200FYS100L6S-CW.xlsx Move To Error Folder
                                                Error: None
2023-12-29 10:23:10.948 - ETL_FT_SD_TO_XSIFF [ERROR   ] 文档开头格式不规范，请检查，文件名为：QG35-CW_GD400TAS100L6S_只有数字.xlsx
2023-12-29 10:23:11.343 - __init__   [ERROR   ] File:QG35-CW_GD400TAS100L6S_只有数字.xlsx Move To Error Folder
                                                Error: None
2023-12-29 10:23:11.623 - ETL_FT_SD_TO_XSIFF [ERROR   ] 文档开头格式不规范，请检查，文件名为：TLECGQG81-CW_阳光GD200FYS100L6S_取不到header数据..xlsx
2023-12-29 10:23:11.846 - __init__   [ERROR   ] File:TLECGQG81-CW_阳光GD200FYS100L6S_取不到header数据..xlsx Move To Error Folder
                                                Error: None
2023-12-29 10:23:12.247 - ETL_FT_SD_TO_XSIFF [ERROR   ] 'Serial no.'
Traceback (most recent call last):
  File "D:\Python37\lib\site-packages\pandas\core\indexes\base.py", line 2898, in get_loc
    return self._engine.get_loc(casted_key)
  File "pandas\_libs\index.pyx", line 70, in pandas._libs.index.IndexEngine.get_loc
  File "pandas\_libs\index.pyx", line 98, in pandas._libs.index.IndexEngine.get_loc
  File "pandas\_libs\index_class_helper.pxi", line 93, in pandas._libs.index.Int64Engine._check_type
KeyError: 'Serial no.'

The above exception was the direct cause of the following exception:

Traceback (most recent call last):
  File "D:/Ina/ETL_XdmLib_2.A.13/ETL_XdmLib_2.A.13/EDAETL/ETL_TABLE/ETL_FT_SD_TO_XSIFF/ETL_FT_SD_TO_XSIFF.py", line 209, in do_file
    part_id = row['Serial no.'].split(' ')[1][-4:]
  File "D:\Python37\lib\site-packages\pandas\core\series.py", line 882, in __getitem__
    return self._get_value(key)
  File "D:\Python37\lib\site-packages\pandas\core\series.py", line 990, in _get_value
    loc = self.index.get_loc(label)
  File "D:\Python37\lib\site-packages\pandas\core\indexes\base.py", line 2900, in get_loc
    raise KeyError(key) from err
KeyError: 'Serial no.'
Stack (most recent call last):
  File "D:\soft\PyCharm Community Edition 2022.1.3\plugins\python-ce\helpers\pydev\pydevd.py", line 2181, in <module>
    main()
  File "D:\soft\PyCharm Community Edition 2022.1.3\plugins\python-ce\helpers\pydev\pydevd.py", line 2172, in main
    globals = debugger.run(setup['file'], None, None, is_module)
  File "D:\soft\PyCharm Community Edition 2022.1.3\plugins\python-ce\helpers\pydev\pydevd.py", line 1484, in run
    return self._exec(is_module, entry_point_fn, module_name, file, globals, locals)
  File "D:\soft\PyCharm Community Edition 2022.1.3\plugins\python-ce\helpers\pydev\pydevd.py", line 1491, in _exec
    pydev_imports.execfile(file, globals, locals)  # execute the script
  File "D:\soft\PyCharm Community Edition 2022.1.3\plugins\python-ce\helpers\pydev\_pydev_imps\_pydev_execfile.py", line 18, in execfile
    exec(compile(contents+"\n", file, 'exec'), glob, loc)
  File "D:/Ina/ETL_XdmLib_2.A.13/ETL_XdmLib_2.A.13/EDAETL/ETL_TABLE/ETL_FT_SD_TO_XSIFF/ETL_FT_SD_TO_XSIFF.py", line 524, in <module>
    skip_file, None, log, config, config_sql)
  File "../..\XdmLib\CustomFuction.py", line 597, in file2db_init
    file, pre_params, db_src, db_tgt)
  File "D:/Ina/ETL_XdmLib_2.A.13/ETL_XdmLib_2.A.13/EDAETL/ETL_TABLE/ETL_FT_SD_TO_XSIFF/ETL_FT_SD_TO_XSIFF.py", line 344, in do_file
    log.error(ex, exc_info=True, stack_info=True)
2023-12-29 10:23:12.519 - __init__   [ERROR   ] File:XLECHQ122-CW-FC_新阳光-GD200FYS100L6S-CW_多列测试.xlsx Move To Error Folder
                                                Error: None
2023-12-29 10:23:12.960 - ETL_FT_SD_TO_XSIFF [ERROR   ] 文档开头格式不规范，请检查，文件名为：XLECHQ217-CW-FC_新阳光GD200FYS100L6S-CW.xlsx
2023-12-29 10:23:13.220 - __init__   [ERROR   ] File:XLECHQ217-CW-FC_新阳光GD200FYS100L6S-CW.xlsx Move To Error Folder
                                                Error: None
2023-12-29 10:23:24.109 - ETL_FT_SD_TO_XSIFF [ERROR   ] 'Serial no.'
Traceback (most recent call last):
  File "D:\Python37\lib\site-packages\pandas\core\indexes\base.py", line 2898, in get_loc
    return self._engine.get_loc(casted_key)
  File "pandas\_libs\index.pyx", line 70, in pandas._libs.index.IndexEngine.get_loc
  File "pandas\_libs\index.pyx", line 98, in pandas._libs.index.IndexEngine.get_loc
  File "pandas\_libs\index_class_helper.pxi", line 93, in pandas._libs.index.Int64Engine._check_type
KeyError: 'Serial no.'

The above exception was the direct cause of the following exception:

Traceback (most recent call last):
  File "D:/Ina/ETL_XdmLib_2.A.13/ETL_XdmLib_2.A.13/EDAETL/ETL_TABLE/ETL_FT_SD_TO_XSIFF/ETL_FT_SD_TO_XSIFF.py", line 209, in do_file
    part_id = row['Serial no.'].split(' ')[1][-4:]
  File "D:\Python37\lib\site-packages\pandas\core\series.py", line 882, in __getitem__
    return self._get_value(key)
  File "D:\Python37\lib\site-packages\pandas\core\series.py", line 990, in _get_value
    loc = self.index.get_loc(label)
  File "D:\Python37\lib\site-packages\pandas\core\indexes\base.py", line 2900, in get_loc
    raise KeyError(key) from err
KeyError: 'Serial no.'
Stack (most recent call last):
  File "D:\soft\PyCharm Community Edition 2022.1.3\plugins\python-ce\helpers\pydev\pydevd.py", line 2181, in <module>
    main()
  File "D:\soft\PyCharm Community Edition 2022.1.3\plugins\python-ce\helpers\pydev\pydevd.py", line 2172, in main
    globals = debugger.run(setup['file'], None, None, is_module)
  File "D:\soft\PyCharm Community Edition 2022.1.3\plugins\python-ce\helpers\pydev\pydevd.py", line 1484, in run
    return self._exec(is_module, entry_point_fn, module_name, file, globals, locals)
  File "D:\soft\PyCharm Community Edition 2022.1.3\plugins\python-ce\helpers\pydev\pydevd.py", line 1491, in _exec
    pydev_imports.execfile(file, globals, locals)  # execute the script
  File "D:\soft\PyCharm Community Edition 2022.1.3\plugins\python-ce\helpers\pydev\_pydev_imps\_pydev_execfile.py", line 18, in execfile
    exec(compile(contents+"\n", file, 'exec'), glob, loc)
  File "D:/Ina/ETL_XdmLib_2.A.13/ETL_XdmLib_2.A.13/EDAETL/ETL_TABLE/ETL_FT_SD_TO_XSIFF/ETL_FT_SD_TO_XSIFF.py", line 524, in <module>
    skip_file, None, log, config, config_sql)
  File "../..\XdmLib\CustomFuction.py", line 597, in file2db_init
    file, pre_params, db_src, db_tgt)
  File "D:/Ina/ETL_XdmLib_2.A.13/ETL_XdmLib_2.A.13/EDAETL/ETL_TABLE/ETL_FT_SD_TO_XSIFF/ETL_FT_SD_TO_XSIFF.py", line 344, in do_file
    log.error(ex, exc_info=True, stack_info=True)
2023-12-29 10:23:24.315 - __init__   [ERROR   ] File:XWECIQ743-CW_新阳光GD600MLS100L6S-CW-D125486-左.xlsx Move To Error Folder
                                                Error: None
2023-12-29 10:23:26.428 - ETL_FT_SD_TO_XSIFF [ERROR   ] 'Serial no.'
Traceback (most recent call last):
  File "D:\Python37\lib\site-packages\pandas\core\indexes\base.py", line 2898, in get_loc
    return self._engine.get_loc(casted_key)
  File "pandas\_libs\index.pyx", line 70, in pandas._libs.index.IndexEngine.get_loc
  File "pandas\_libs\index.pyx", line 98, in pandas._libs.index.IndexEngine.get_loc
  File "pandas\_libs\index_class_helper.pxi", line 93, in pandas._libs.index.Int64Engine._check_type
KeyError: 'Serial no.'

The above exception was the direct cause of the following exception:

Traceback (most recent call last):
  File "D:/Ina/ETL_XdmLib_2.A.13/ETL_XdmLib_2.A.13/EDAETL/ETL_TABLE/ETL_FT_SD_TO_XSIFF/ETL_FT_SD_TO_XSIFF.py", line 209, in do_file
    part_id = row['Serial no.'].split(' ')[1][-4:]
  File "D:\Python37\lib\site-packages\pandas\core\series.py", line 882, in __getitem__
    return self._get_value(key)
  File "D:\Python37\lib\site-packages\pandas\core\series.py", line 990, in _get_value
    loc = self.index.get_loc(label)
  File "D:\Python37\lib\site-packages\pandas\core\indexes\base.py", line 2900, in get_loc
    raise KeyError(key) from err
KeyError: 'Serial no.'
Stack (most recent call last):
  File "D:\soft\PyCharm Community Edition 2022.1.3\plugins\python-ce\helpers\pydev\pydevd.py", line 2181, in <module>
    main()
  File "D:\soft\PyCharm Community Edition 2022.1.3\plugins\python-ce\helpers\pydev\pydevd.py", line 2172, in main
    globals = debugger.run(setup['file'], None, None, is_module)
  File "D:\soft\PyCharm Community Edition 2022.1.3\plugins\python-ce\helpers\pydev\pydevd.py", line 1484, in run
    return self._exec(is_module, entry_point_fn, module_name, file, globals, locals)
  File "D:\soft\PyCharm Community Edition 2022.1.3\plugins\python-ce\helpers\pydev\pydevd.py", line 1491, in _exec
    pydev_imports.execfile(file, globals, locals)  # execute the script
  File "D:\soft\PyCharm Community Edition 2022.1.3\plugins\python-ce\helpers\pydev\_pydev_imps\_pydev_execfile.py", line 18, in execfile
    exec(compile(contents+"\n", file, 'exec'), glob, loc)
  File "D:/Ina/ETL_XdmLib_2.A.13/ETL_XdmLib_2.A.13/EDAETL/ETL_TABLE/ETL_FT_SD_TO_XSIFF/ETL_FT_SD_TO_XSIFF.py", line 524, in <module>
    skip_file, None, log, config, config_sql)
  File "../..\XdmLib\CustomFuction.py", line 597, in file2db_init
    file, pre_params, db_src, db_tgt)
  File "D:/Ina/ETL_XdmLib_2.A.13/ETL_XdmLib_2.A.13/EDAETL/ETL_TABLE/ETL_FT_SD_TO_XSIFF/ETL_FT_SD_TO_XSIFF.py", line 344, in do_file
    log.error(ex, exc_info=True, stack_info=True)
2023-12-29 10:23:26.707 - __init__   [ERROR   ] File:XWECYQH20-CW_GD600MLS100L6S_取不到header数据.xlsx Move To Error Folder
                                                Error: None
2023-12-29 10:23:27.512 - ETL_FT_SD_TO_XSIFF [ERROR   ] 文档开头格式不规范，请检查，文件名为：XWECYQH62-GW_GD600MLS100L6S-GW.xlsx
2023-12-29 10:23:27.761 - __init__   [ERROR   ] File:XWECYQH62-GW_GD600MLS100L6S-GW.xlsx Move To Error Folder
                                                Error: None
2023-12-29 10:23:29.468 - ETL_FT_SD_TO_XSIFF [ERROR   ] 'Serial no.'
Traceback (most recent call last):
  File "D:\Python37\lib\site-packages\pandas\core\indexes\base.py", line 2898, in get_loc
    return self._engine.get_loc(casted_key)
  File "pandas\_libs\index.pyx", line 70, in pandas._libs.index.IndexEngine.get_loc
  File "pandas\_libs\index.pyx", line 98, in pandas._libs.index.IndexEngine.get_loc
  File "pandas\_libs\index_class_helper.pxi", line 93, in pandas._libs.index.Int64Engine._check_type
KeyError: 'Serial no.'

The above exception was the direct cause of the following exception:

Traceback (most recent call last):
  File "D:/Ina/ETL_XdmLib_2.A.13/ETL_XdmLib_2.A.13/EDAETL/ETL_TABLE/ETL_FT_SD_TO_XSIFF/ETL_FT_SD_TO_XSIFF.py", line 209, in do_file
    part_id = row['Serial no.'].split(' ')[1][-4:]
  File "D:\Python37\lib\site-packages\pandas\core\series.py", line 882, in __getitem__
    return self._get_value(key)
  File "D:\Python37\lib\site-packages\pandas\core\series.py", line 990, in _get_value
    loc = self.index.get_loc(label)
  File "D:\Python37\lib\site-packages\pandas\core\indexes\base.py", line 2900, in get_loc
    raise KeyError(key) from err
KeyError: 'Serial no.'
Stack (most recent call last):
  File "D:\soft\PyCharm Community Edition 2022.1.3\plugins\python-ce\helpers\pydev\pydevd.py", line 2181, in <module>
    main()
  File "D:\soft\PyCharm Community Edition 2022.1.3\plugins\python-ce\helpers\pydev\pydevd.py", line 2172, in main
    globals = debugger.run(setup['file'], None, None, is_module)
  File "D:\soft\PyCharm Community Edition 2022.1.3\plugins\python-ce\helpers\pydev\pydevd.py", line 1484, in run
    return self._exec(is_module, entry_point_fn, module_name, file, globals, locals)
  File "D:\soft\PyCharm Community Edition 2022.1.3\plugins\python-ce\helpers\pydev\pydevd.py", line 1491, in _exec
    pydev_imports.execfile(file, globals, locals)  # execute the script
  File "D:\soft\PyCharm Community Edition 2022.1.3\plugins\python-ce\helpers\pydev\_pydev_imps\_pydev_execfile.py", line 18, in execfile
    exec(compile(contents+"\n", file, 'exec'), glob, loc)
  File "D:/Ina/ETL_XdmLib_2.A.13/ETL_XdmLib_2.A.13/EDAETL/ETL_TABLE/ETL_FT_SD_TO_XSIFF/ETL_FT_SD_TO_XSIFF.py", line 524, in <module>
    skip_file, None, log, config, config_sql)
  File "../..\XdmLib\CustomFuction.py", line 597, in file2db_init
    file, pre_params, db_src, db_tgt)
  File "D:/Ina/ETL_XdmLib_2.A.13/ETL_XdmLib_2.A.13/EDAETL/ETL_TABLE/ETL_FT_SD_TO_XSIFF/ETL_FT_SD_TO_XSIFF.py", line 344, in do_file
    log.error(ex, exc_info=True, stack_info=True)
2023-12-29 10:23:29.760 - __init__   [ERROR   ] File:XWECZQB06-GW_新GD600MJS100L6S-GW.xlsx Move To Error Folder
                                                Error: None
2023-12-29 10:23:32.285 - ETL_FT_SD_TO_XSIFF [ERROR   ] 'Serial no.'
Traceback (most recent call last):
  File "D:\Python37\lib\site-packages\pandas\core\indexes\base.py", line 2898, in get_loc
    return self._engine.get_loc(casted_key)
  File "pandas\_libs\index.pyx", line 70, in pandas._libs.index.IndexEngine.get_loc
  File "pandas\_libs\index.pyx", line 98, in pandas._libs.index.IndexEngine.get_loc
  File "pandas\_libs\index_class_helper.pxi", line 93, in pandas._libs.index.Int64Engine._check_type
KeyError: 'Serial no.'

The above exception was the direct cause of the following exception:

Traceback (most recent call last):
  File "D:/Ina/ETL_XdmLib_2.A.13/ETL_XdmLib_2.A.13/EDAETL/ETL_TABLE/ETL_FT_SD_TO_XSIFF/ETL_FT_SD_TO_XSIFF.py", line 209, in do_file
    part_id = row['Serial no.'].split(' ')[1][-4:]
  File "D:\Python37\lib\site-packages\pandas\core\series.py", line 882, in __getitem__
    return self._get_value(key)
  File "D:\Python37\lib\site-packages\pandas\core\series.py", line 990, in _get_value
    loc = self.index.get_loc(label)
  File "D:\Python37\lib\site-packages\pandas\core\indexes\base.py", line 2900, in get_loc
    raise KeyError(key) from err
KeyError: 'Serial no.'
Stack (most recent call last):
  File "D:\soft\PyCharm Community Edition 2022.1.3\plugins\python-ce\helpers\pydev\pydevd.py", line 2181, in <module>
    main()
  File "D:\soft\PyCharm Community Edition 2022.1.3\plugins\python-ce\helpers\pydev\pydevd.py", line 2172, in main
    globals = debugger.run(setup['file'], None, None, is_module)
  File "D:\soft\PyCharm Community Edition 2022.1.3\plugins\python-ce\helpers\pydev\pydevd.py", line 1484, in run
    return self._exec(is_module, entry_point_fn, module_name, file, globals, locals)
  File "D:\soft\PyCharm Community Edition 2022.1.3\plugins\python-ce\helpers\pydev\pydevd.py", line 1491, in _exec
    pydev_imports.execfile(file, globals, locals)  # execute the script
  File "D:\soft\PyCharm Community Edition 2022.1.3\plugins\python-ce\helpers\pydev\_pydev_imps\_pydev_execfile.py", line 18, in execfile
    exec(compile(contents+"\n", file, 'exec'), glob, loc)
  File "D:/Ina/ETL_XdmLib_2.A.13/ETL_XdmLib_2.A.13/EDAETL/ETL_TABLE/ETL_FT_SD_TO_XSIFF/ETL_FT_SD_TO_XSIFF.py", line 524, in <module>
    skip_file, None, log, config, config_sql)
  File "../..\XdmLib\CustomFuction.py", line 597, in file2db_init
    file, pre_params, db_src, db_tgt)
  File "D:/Ina/ETL_XdmLib_2.A.13/ETL_XdmLib_2.A.13/EDAETL/ETL_TABLE/ETL_FT_SD_TO_XSIFF/ETL_FT_SD_TO_XSIFF.py", line 344, in do_file
    log.error(ex, exc_info=True, stack_info=True)
2023-12-29 10:23:32.498 - __init__   [ERROR   ] File:XWECZS889-GW_新阳光GD600MLS100L6S-GW.xlsx Move To Error Folder
                                                Error: None
2023-12-29 10:24:23.130 - ETL_FT_SD_TO_XSIFF [ERROR   ] 文档开头格式不规范，请检查，文件名为：QG35-CW_GD400TAS100L6S_只有数字.xlsx
2023-12-29 10:24:23.298 - __init__   [ERROR   ] File:QG35-CW_GD400TAS100L6S_只有数字.xlsx Move To Error Folder
                                                Error: None
2023-12-29 10:24:23.559 - ETL_FT_SD_TO_XSIFF [ERROR   ] 文档开头格式不规范，请检查，文件名为：TLECGQG81-CW_阳光GD200FYS100L6S_取不到header数据..xlsx
2023-12-29 10:24:23.740 - __init__   [ERROR   ] File:TLECGQG81-CW_阳光GD200FYS100L6S_取不到header数据..xlsx Move To Error Folder
                                                Error: None
2023-12-29 10:25:23.593 - ETL_FT_SD_TO_XSIFF [ERROR   ] 文档开头格式不规范，请检查，文件名为：QG35-CW_GD400TAS100L6S_只有数字.xlsx
2023-12-29 10:25:23.706 - __init__   [ERROR   ] File:QG35-CW_GD400TAS100L6S_只有数字.xlsx Move To Error Folder
                                                Error: None
2023-12-29 10:25:23.840 - ETL_FT_SD_TO_XSIFF [ERROR   ] 文档开头格式不规范，请检查，文件名为：TLECGQG81-CW_阳光GD200FYS100L6S_取不到header数据..xlsx
2023-12-29 10:25:23.999 - __init__   [ERROR   ] File:TLECGQG81-CW_阳光GD200FYS100L6S_取不到header数据..xlsx Move To Error Folder
                                                Error: None
2023-12-29 10:25:24.281 - ETL_FT_SD_TO_XSIFF [ERROR   ] name 'vendor_fabab' is not defined
Traceback (most recent call last):
  File "D:/Ina/ETL_XdmLib_2.A.13/ETL_XdmLib_2.A.13/EDAETL/ETL_TABLE/ETL_FT_SD_TO_XSIFF/ETL_FT_SD_TO_XSIFF.py", line 378, in do_file
    'VendorFab': vendor_fabab
NameError: name 'vendor_fabab' is not defined
Stack (most recent call last):
  File "D:/Ina/ETL_XdmLib_2.A.13/ETL_XdmLib_2.A.13/EDAETL/ETL_TABLE/ETL_FT_SD_TO_XSIFF/ETL_FT_SD_TO_XSIFF.py", line 524, in <module>
    skip_file, None, log, config, config_sql)
  File "../..\XdmLib\CustomFuction.py", line 597, in file2db_init
    file, pre_params, db_src, db_tgt)
  File "D:/Ina/ETL_XdmLib_2.A.13/ETL_XdmLib_2.A.13/EDAETL/ETL_TABLE/ETL_FT_SD_TO_XSIFF/ETL_FT_SD_TO_XSIFF.py", line 424, in do_file
    log.error(ex, exc_info=True, stack_info=True)
2023-12-29 10:25:24.426 - __init__   [ERROR   ] File:XLECHQ122-CW-FC_新阳光-GD200FYS100L6S-CW_多列测试.xlsx Move To Error Folder
                                                Error: None
2023-12-29 10:25:24.587 - ETL_FT_SD_TO_XSIFF [ERROR   ] 文档开头格式不规范，请检查，文件名为：XLECHQ217-CW-FC_新阳光GD200FYS100L6S-CW.xlsx
2023-12-29 10:25:24.792 - __init__   [ERROR   ] File:XLECHQ217-CW-FC_新阳光GD200FYS100L6S-CW.xlsx Move To Error Folder
                                                Error: None
2023-12-29 10:25:28.950 - ETL_FT_SD_TO_XSIFF [ERROR   ] name 'vendor_fabab' is not defined
Traceback (most recent call last):
  File "D:/Ina/ETL_XdmLib_2.A.13/ETL_XdmLib_2.A.13/EDAETL/ETL_TABLE/ETL_FT_SD_TO_XSIFF/ETL_FT_SD_TO_XSIFF.py", line 378, in do_file
    'VendorFab': vendor_fabab
NameError: name 'vendor_fabab' is not defined
Stack (most recent call last):
  File "D:/Ina/ETL_XdmLib_2.A.13/ETL_XdmLib_2.A.13/EDAETL/ETL_TABLE/ETL_FT_SD_TO_XSIFF/ETL_FT_SD_TO_XSIFF.py", line 524, in <module>
    skip_file, None, log, config, config_sql)
  File "../..\XdmLib\CustomFuction.py", line 597, in file2db_init
    file, pre_params, db_src, db_tgt)
  File "D:/Ina/ETL_XdmLib_2.A.13/ETL_XdmLib_2.A.13/EDAETL/ETL_TABLE/ETL_FT_SD_TO_XSIFF/ETL_FT_SD_TO_XSIFF.py", line 424, in do_file
    log.error(ex, exc_info=True, stack_info=True)
2023-12-29 10:25:29.144 - __init__   [ERROR   ] File:XWECIQ743-CW_新阳光GD600MLS100L6S-CW-D125486-左.xlsx Move To Error Folder
                                                Error: None
2023-12-29 10:25:29.874 - ETL_FT_SD_TO_XSIFF [ERROR   ] 'Serial no.'
Traceback (most recent call last):
  File "D:/Ina/ETL_XdmLib_2.A.13/ETL_XdmLib_2.A.13/EDAETL/ETL_TABLE/ETL_FT_SD_TO_XSIFF/ETL_FT_SD_TO_XSIFF.py", line 209, in do_file
    part_id = row_dict['Serial no.'].split(' ')[1][-4:]
IndexError: list index out of range

During handling of the above exception, another exception occurred:

Traceback (most recent call last):
  File "D:\Python37\lib\site-packages\pandas\core\indexes\base.py", line 2898, in get_loc
    return self._engine.get_loc(casted_key)
  File "pandas\_libs\index.pyx", line 70, in pandas._libs.index.IndexEngine.get_loc
  File "pandas\_libs\index.pyx", line 98, in pandas._libs.index.IndexEngine.get_loc
  File "pandas\_libs\index_class_helper.pxi", line 93, in pandas._libs.index.Int64Engine._check_type
KeyError: 'Serial no.'

The above exception was the direct cause of the following exception:

Traceback (most recent call last):
  File "D:/Ina/ETL_XdmLib_2.A.13/ETL_XdmLib_2.A.13/EDAETL/ETL_TABLE/ETL_FT_SD_TO_XSIFF/ETL_FT_SD_TO_XSIFF.py", line 215, in do_file
    log.error( f"[Serial no.]列无法正确取值，例如遇到的第一个错误值为：{row['Serial no.']};文件名为：{file_name}")
  File "D:\Python37\lib\site-packages\pandas\core\series.py", line 882, in __getitem__
    return self._get_value(key)
  File "D:\Python37\lib\site-packages\pandas\core\series.py", line 990, in _get_value
    loc = self.index.get_loc(label)
  File "D:\Python37\lib\site-packages\pandas\core\indexes\base.py", line 2900, in get_loc
    raise KeyError(key) from err
KeyError: 'Serial no.'
Stack (most recent call last):
  File "D:/Ina/ETL_XdmLib_2.A.13/ETL_XdmLib_2.A.13/EDAETL/ETL_TABLE/ETL_FT_SD_TO_XSIFF/ETL_FT_SD_TO_XSIFF.py", line 524, in <module>
    skip_file, None, log, config, config_sql)
  File "../..\XdmLib\CustomFuction.py", line 597, in file2db_init
    file, pre_params, db_src, db_tgt)
  File "D:/Ina/ETL_XdmLib_2.A.13/ETL_XdmLib_2.A.13/EDAETL/ETL_TABLE/ETL_FT_SD_TO_XSIFF/ETL_FT_SD_TO_XSIFF.py", line 344, in do_file
    log.error(ex, exc_info=True, stack_info=True)
2023-12-29 10:25:30.059 - __init__   [ERROR   ] File:XWECYQH20-CW_GD600MLS100L6S_取不到header数据.xlsx Move To Error Folder
                                                Error: None
2023-12-29 10:25:30.363 - ETL_FT_SD_TO_XSIFF [ERROR   ] 文档开头格式不规范，请检查，文件名为：XWECYQH62-GW_GD600MLS100L6S-GW.xlsx
2023-12-29 10:25:30.552 - __init__   [ERROR   ] File:XWECYQH62-GW_GD600MLS100L6S-GW.xlsx Move To Error Folder
                                                Error: None
2023-12-29 10:25:31.165 - ETL_FT_SD_TO_XSIFF [ERROR   ] 文档缺少正确表头，文件名为：XWECZQB06-GW_新GD600MJS100L6S-GW.xlsx
2023-12-29 10:25:31.316 - __init__   [ERROR   ] File:XWECZQB06-GW_新GD600MJS100L6S-GW.xlsx Move To Error Folder
                                                Error: None
2023-12-29 10:25:32.332 - ETL_FT_SD_TO_XSIFF [ERROR   ] name 'vendor_fabab' is not defined
Traceback (most recent call last):
  File "D:/Ina/ETL_XdmLib_2.A.13/ETL_XdmLib_2.A.13/EDAETL/ETL_TABLE/ETL_FT_SD_TO_XSIFF/ETL_FT_SD_TO_XSIFF.py", line 378, in do_file
    'VendorFab': vendor_fabab
NameError: name 'vendor_fabab' is not defined
Stack (most recent call last):
  File "D:/Ina/ETL_XdmLib_2.A.13/ETL_XdmLib_2.A.13/EDAETL/ETL_TABLE/ETL_FT_SD_TO_XSIFF/ETL_FT_SD_TO_XSIFF.py", line 524, in <module>
    skip_file, None, log, config, config_sql)
  File "../..\XdmLib\CustomFuction.py", line 597, in file2db_init
    file, pre_params, db_src, db_tgt)
  File "D:/Ina/ETL_XdmLib_2.A.13/ETL_XdmLib_2.A.13/EDAETL/ETL_TABLE/ETL_FT_SD_TO_XSIFF/ETL_FT_SD_TO_XSIFF.py", line 424, in do_file
    log.error(ex, exc_info=True, stack_info=True)
2023-12-29 10:25:32.463 - __init__   [ERROR   ] File:XWECZS889-GW_新阳光GD600MLS100L6S-GW.xlsx Move To Error Folder
                                                Error: None
2023-12-29 10:25:41.572 - ETL_FT_SD_TO_XSIFF [ERROR   ] 文档开头格式不规范，请检查，文件名为：QG35-CW_GD400TAS100L6S_只有数字.xlsx
2023-12-29 10:25:41.714 - __init__   [ERROR   ] File:QG35-CW_GD400TAS100L6S_只有数字.xlsx Move To Error Folder
                                                Error: None
2023-12-29 10:25:41.847 - ETL_FT_SD_TO_XSIFF [ERROR   ] 文档开头格式不规范，请检查，文件名为：TLECGQG81-CW_阳光GD200FYS100L6S_取不到header数据..xlsx
2023-12-29 10:25:42.010 - __init__   [ERROR   ] File:TLECGQG81-CW_阳光GD200FYS100L6S_取不到header数据..xlsx Move To Error Folder
                                                Error: None
2023-12-29 10:25:42.482 - ETL_FT_SD_TO_XSIFF [ERROR   ] 文档开头格式不规范，请检查，文件名为：XLECHQ217-CW-FC_新阳光GD200FYS100L6S-CW.xlsx
2023-12-29 10:25:42.641 - __init__   [ERROR   ] File:XLECHQ217-CW-FC_新阳光GD200FYS100L6S-CW.xlsx Move To Error Folder
                                                Error: None
2023-12-29 10:25:47.788 - ETL_FT_SD_TO_XSIFF [ERROR   ] 'Serial no.'
Traceback (most recent call last):
  File "D:/Ina/ETL_XdmLib_2.A.13/ETL_XdmLib_2.A.13/EDAETL/ETL_TABLE/ETL_FT_SD_TO_XSIFF/ETL_FT_SD_TO_XSIFF.py", line 209, in do_file
    part_id = row_dict['Serial no.'].split(' ')[1][-4:]
IndexError: list index out of range

During handling of the above exception, another exception occurred:

Traceback (most recent call last):
  File "D:\Python37\lib\site-packages\pandas\core\indexes\base.py", line 2898, in get_loc
    return self._engine.get_loc(casted_key)
  File "pandas\_libs\index.pyx", line 70, in pandas._libs.index.IndexEngine.get_loc
  File "pandas\_libs\index.pyx", line 98, in pandas._libs.index.IndexEngine.get_loc
  File "pandas\_libs\index_class_helper.pxi", line 93, in pandas._libs.index.Int64Engine._check_type
KeyError: 'Serial no.'

The above exception was the direct cause of the following exception:

Traceback (most recent call last):
  File "D:/Ina/ETL_XdmLib_2.A.13/ETL_XdmLib_2.A.13/EDAETL/ETL_TABLE/ETL_FT_SD_TO_XSIFF/ETL_FT_SD_TO_XSIFF.py", line 215, in do_file
    log.error( f"[Serial no.]列无法正确取值，例如遇到的第一个错误值为：{row['Serial no.']};文件名为：{file_name}")
  File "D:\Python37\lib\site-packages\pandas\core\series.py", line 882, in __getitem__
    return self._get_value(key)
  File "D:\Python37\lib\site-packages\pandas\core\series.py", line 990, in _get_value
    loc = self.index.get_loc(label)
  File "D:\Python37\lib\site-packages\pandas\core\indexes\base.py", line 2900, in get_loc
    raise KeyError(key) from err
KeyError: 'Serial no.'
Stack (most recent call last):
  File "D:/Ina/ETL_XdmLib_2.A.13/ETL_XdmLib_2.A.13/EDAETL/ETL_TABLE/ETL_FT_SD_TO_XSIFF/ETL_FT_SD_TO_XSIFF.py", line 524, in <module>
    skip_file, None, log, config, config_sql)
  File "../..\XdmLib\CustomFuction.py", line 597, in file2db_init
    file, pre_params, db_src, db_tgt)
  File "D:/Ina/ETL_XdmLib_2.A.13/ETL_XdmLib_2.A.13/EDAETL/ETL_TABLE/ETL_FT_SD_TO_XSIFF/ETL_FT_SD_TO_XSIFF.py", line 344, in do_file
    log.error(ex, exc_info=True, stack_info=True)
2023-12-29 10:25:47.981 - __init__   [ERROR   ] File:XWECYQH20-CW_GD600MLS100L6S_取不到header数据.xlsx Move To Error Folder
                                                Error: None
2023-12-29 10:25:48.279 - ETL_FT_SD_TO_XSIFF [ERROR   ] 文档开头格式不规范，请检查，文件名为：XWECYQH62-GW_GD600MLS100L6S-GW.xlsx
2023-12-29 10:25:48.507 - __init__   [ERROR   ] File:XWECYQH62-GW_GD600MLS100L6S-GW.xlsx Move To Error Folder
                                                Error: None
2023-12-29 10:25:49.113 - ETL_FT_SD_TO_XSIFF [ERROR   ] 文档缺少正确表头，文件名为：XWECZQB06-GW_新GD600MJS100L6S-GW.xlsx
2023-12-29 10:25:49.266 - __init__   [ERROR   ] File:XWECZQB06-GW_新GD600MJS100L6S-GW.xlsx Move To Error Folder
                                                Error: None
2023-12-29 10:43:55.956 - ETL_FT_SD_TO_XSIFF [ERROR   ] 文档开头格式不规范，请检查，文件名为：QG35-CW_GD400TAS100L6S_只有数字.xlsx
2023-12-29 10:43:56.248 - __init__   [ERROR   ] File:QG35-CW_GD400TAS100L6S_只有数字.xlsx Move To Error Folder
                                                Error: None
2023-12-29 10:43:56.543 - ETL_FT_SD_TO_XSIFF [ERROR   ] 文档开头格式不规范，请检查，文件名为：TLECGQG81-CW_阳光GD200FYS100L6S_取不到header数据..xlsx
2023-12-29 10:43:56.721 - __init__   [ERROR   ] File:TLECGQG81-CW_阳光GD200FYS100L6S_取不到header数据..xlsx Move To Error Folder
                                                Error: None
2023-12-29 10:46:12.463 - ETL_FT_SD_TO_XSIFF [ERROR   ] 文档开头格式不规范，请检查，文件名为：QG35-CW_GD400TAS100L6S_只有数字.xlsx
2023-12-29 10:46:12.629 - __init__   [ERROR   ] File:QG35-CW_GD400TAS100L6S_只有数字.xlsx Move To Error Folder
                                                Error: None
2023-12-29 10:46:12.849 - ETL_FT_SD_TO_XSIFF [ERROR   ] 文档开头格式不规范，请检查，文件名为：TLECGQG81-CW_阳光GD200FYS100L6S_取不到header数据..xlsx
2023-12-29 10:46:13.001 - __init__   [ERROR   ] File:TLECGQG81-CW_阳光GD200FYS100L6S_取不到header数据..xlsx Move To Error Folder
                                                Error: None
2023-12-29 10:46:13.478 - ETL_FT_SD_TO_XSIFF [ERROR   ] 文档开头格式不规范，请检查，文件名为：XLECHQ217-CW-FC_新阳光GD200FYS100L6S-CW.xlsx
2023-12-29 10:46:13.615 - __init__   [ERROR   ] File:XLECHQ217-CW-FC_新阳光GD200FYS100L6S-CW.xlsx Move To Error Folder
                                                Error: None
2023-12-29 10:46:18.259 - ETL_FT_SD_TO_XSIFF [ERROR   ] 'Serial no.'
Traceback (most recent call last):
  File "D:/Ina/ETL_XdmLib_2.A.13/ETL_XdmLib_2.A.13/EDAETL/ETL_TABLE/ETL_FT_SD_TO_XSIFF/ETL_FT_SD_TO_XSIFF.py", line 209, in do_file
    part_id = row_dict['Serial no.'].split(' ')[1][-4:]
IndexError: list index out of range

During handling of the above exception, another exception occurred:

Traceback (most recent call last):
  File "D:\Python37\lib\site-packages\pandas\core\indexes\base.py", line 2898, in get_loc
    return self._engine.get_loc(casted_key)
  File "pandas\_libs\index.pyx", line 70, in pandas._libs.index.IndexEngine.get_loc
  File "pandas\_libs\index.pyx", line 98, in pandas._libs.index.IndexEngine.get_loc
  File "pandas\_libs\index_class_helper.pxi", line 93, in pandas._libs.index.Int64Engine._check_type
KeyError: 'Serial no.'

The above exception was the direct cause of the following exception:

Traceback (most recent call last):
  File "D:/Ina/ETL_XdmLib_2.A.13/ETL_XdmLib_2.A.13/EDAETL/ETL_TABLE/ETL_FT_SD_TO_XSIFF/ETL_FT_SD_TO_XSIFF.py", line 215, in do_file
    log.error( f"[Serial no.]列无法正确取值，例如遇到的第一个错误值为：{row['Serial no.']};文件名为：{file_name}")
  File "D:\Python37\lib\site-packages\pandas\core\series.py", line 882, in __getitem__
    return self._get_value(key)
  File "D:\Python37\lib\site-packages\pandas\core\series.py", line 990, in _get_value
    loc = self.index.get_loc(label)
  File "D:\Python37\lib\site-packages\pandas\core\indexes\base.py", line 2900, in get_loc
    raise KeyError(key) from err
KeyError: 'Serial no.'
Stack (most recent call last):
  File "D:/Ina/ETL_XdmLib_2.A.13/ETL_XdmLib_2.A.13/EDAETL/ETL_TABLE/ETL_FT_SD_TO_XSIFF/ETL_FT_SD_TO_XSIFF.py", line 524, in <module>
    skip_file, None, log, config, config_sql)
  File "../..\XdmLib\CustomFuction.py", line 597, in file2db_init
    file, pre_params, db_src, db_tgt)
  File "D:/Ina/ETL_XdmLib_2.A.13/ETL_XdmLib_2.A.13/EDAETL/ETL_TABLE/ETL_FT_SD_TO_XSIFF/ETL_FT_SD_TO_XSIFF.py", line 344, in do_file
    log.error(ex, exc_info=True, stack_info=True)
2023-12-29 10:46:18.543 - __init__   [ERROR   ] File:XWECYQH20-CW_GD600MLS100L6S_取不到header数据.xlsx Move To Error Folder
                                                Error: None
2023-12-29 10:46:18.855 - ETL_FT_SD_TO_XSIFF [ERROR   ] 文档开头格式不规范，请检查，文件名为：XWECYQH62-GW_GD600MLS100L6S-GW.xlsx
2023-12-29 10:46:19.051 - __init__   [ERROR   ] File:XWECYQH62-GW_GD600MLS100L6S-GW.xlsx Move To Error Folder
                                                Error: None
2023-12-29 10:46:19.660 - ETL_FT_SD_TO_XSIFF [ERROR   ] 文档缺少正确表头，文件名为：XWECZQB06-GW_新GD600MJS100L6S-GW.xlsx
2023-12-29 10:46:20.032 - __init__   [ERROR   ] File:XWECZQB06-GW_新GD600MJS100L6S-GW.xlsx Move To Error Folder
                                                Error: None
2023-12-29 10:50:47.881 - ETL_FT_SD_TO_XSIFF [ERROR   ] 'Test Date.'
Traceback (most recent call last):
  File "D:\Python37\lib\site-packages\pandas\core\indexes\base.py", line 2898, in get_loc
    return self._engine.get_loc(casted_key)
  File "pandas\_libs\index.pyx", line 70, in pandas._libs.index.IndexEngine.get_loc
  File "pandas\_libs\index.pyx", line 101, in pandas._libs.index.IndexEngine.get_loc
  File "pandas\_libs\hashtable_class_helper.pxi", line 1675, in pandas._libs.hashtable.PyObjectHashTable.get_item
  File "pandas\_libs\hashtable_class_helper.pxi", line 1683, in pandas._libs.hashtable.PyObjectHashTable.get_item
KeyError: 'Test Date.'

The above exception was the direct cause of the following exception:

Traceback (most recent call last):
  File "D:/Ina/ETL_XdmLib_2.A.13/ETL_XdmLib_2.A.13/EDAETL/ETL_TABLE/ETL_FT_SD_TO_XSIFF/ETL_FT_SD_TO_XSIFF.py", line 203, in do_file
    source_bin_df = source_data_df[source_data_df['Test Date.'] != '.']
  File "D:\Python37\lib\site-packages\pandas\core\frame.py", line 2906, in __getitem__
    indexer = self.columns.get_loc(key)
  File "D:\Python37\lib\site-packages\pandas\core\indexes\base.py", line 2900, in get_loc
    raise KeyError(key) from err
KeyError: 'Test Date.'
Stack (most recent call last):
  File "D:/Ina/ETL_XdmLib_2.A.13/ETL_XdmLib_2.A.13/EDAETL/ETL_TABLE/ETL_FT_SD_TO_XSIFF/ETL_FT_SD_TO_XSIFF.py", line 524, in <module>
    skip_file, None, log, config, config_sql)
  File "../..\XdmLib\CustomFuction.py", line 597, in file2db_init
    file, pre_params, db_src, db_tgt)
  File "D:/Ina/ETL_XdmLib_2.A.13/ETL_XdmLib_2.A.13/EDAETL/ETL_TABLE/ETL_FT_SD_TO_XSIFF/ETL_FT_SD_TO_XSIFF.py", line 344, in do_file
    log.error(ex, exc_info=True, stack_info=True)
2023-12-29 10:50:48.048 - __init__   [ERROR   ] File:XWECYQH20-CW_GD600MLS100L6S_取不到header数据.xlsx Move To Error Folder
                                                Error: None
2023-12-29 10:57:29.738 - ETL_FT_SD_TO_XSIFF [ERROR   ] 'Serial no.'
Traceback (most recent call last):
  File "D:/Ina/ETL_XdmLib_2.A.13/ETL_XdmLib_2.A.13/EDAETL/ETL_TABLE/ETL_FT_SD_TO_XSIFF/ETL_FT_SD_TO_XSIFF.py", line 213, in do_file
    test3 = row_dict['Serial no.'].split(' ')[2][:7]
IndexError: list index out of range

During handling of the above exception, another exception occurred:

Traceback (most recent call last):
  File "D:\Python37\lib\site-packages\pandas\core\indexes\base.py", line 2898, in get_loc
    return self._engine.get_loc(casted_key)
  File "pandas\_libs\index.pyx", line 70, in pandas._libs.index.IndexEngine.get_loc
  File "pandas\_libs\index.pyx", line 98, in pandas._libs.index.IndexEngine.get_loc
  File "pandas\_libs\index_class_helper.pxi", line 93, in pandas._libs.index.Int64Engine._check_type
KeyError: 'Serial no.'

The above exception was the direct cause of the following exception:

Traceback (most recent call last):
  File "D:/Ina/ETL_XdmLib_2.A.13/ETL_XdmLib_2.A.13/EDAETL/ETL_TABLE/ETL_FT_SD_TO_XSIFF/ETL_FT_SD_TO_XSIFF.py", line 215, in do_file
    log.error( f"[Serial no.]列无法正确取值，例如遇到的第一个错误值为：{row['Serial no.']};文件名为：{file_name}")
  File "D:\Python37\lib\site-packages\pandas\core\series.py", line 882, in __getitem__
    return self._get_value(key)
  File "D:\Python37\lib\site-packages\pandas\core\series.py", line 990, in _get_value
    loc = self.index.get_loc(label)
  File "D:\Python37\lib\site-packages\pandas\core\indexes\base.py", line 2900, in get_loc
    raise KeyError(key) from err
KeyError: 'Serial no.'
Stack (most recent call last):
  File "D:/Ina/ETL_XdmLib_2.A.13/ETL_XdmLib_2.A.13/EDAETL/ETL_TABLE/ETL_FT_SD_TO_XSIFF/ETL_FT_SD_TO_XSIFF.py", line 524, in <module>
    skip_file, None, log, config, config_sql)
  File "../..\XdmLib\CustomFuction.py", line 597, in file2db_init
    file, pre_params, db_src, db_tgt)
  File "D:/Ina/ETL_XdmLib_2.A.13/ETL_XdmLib_2.A.13/EDAETL/ETL_TABLE/ETL_FT_SD_TO_XSIFF/ETL_FT_SD_TO_XSIFF.py", line 344, in do_file
    log.error(ex, exc_info=True, stack_info=True)
2023-12-29 10:57:29.904 - __init__   [ERROR   ] File:XWECYQH20-CW_GD600MLS100L6S_取不到header数据.xlsx Move To Error Folder
                                                Error: None
2023-12-29 11:36:43.119 - ETL_FT_SD_TO_XSIFF [ERROR   ] [Serial no.]列无法正确取值，例如遇到的第一个错误值为：200041 D12740000000;文件名为：XWECYQH20-CW_GD600MLS100L6S_取不到header数据.xlsx
2023-12-29 11:36:43.331 - __init__   [ERROR   ] File:XWECYQH20-CW_GD600MLS100L6S_取不到header数据.xlsx Move To Error Folder
                                                Error: None
2023-12-29 13:24:01.619 - ETL_FT_SD_TO_XSIFF [ERROR   ] [Serial no.]列无法正确取值，例如遇到的第一个错误值为：200041 D12740000000;文件名为：XWECYQH20-CW_GD600MLS100L6S_取不到header数据.xlsx
2023-12-29 13:24:01.856 - __init__   [ERROR   ] File:XWECYQH20-CW_GD600MLS100L6S_取不到header数据.xlsx Move To Error Folder
                                                Error: None
2023-12-29 13:24:46.661 - ETL_FT_SD_TO_XSIFF [ERROR   ] 文档开头格式不规范，请检查，文件名为：QG35-CW_GD400TAS100L6S_只有数字.xlsx
2023-12-29 13:24:46.855 - __init__   [ERROR   ] File:QG35-CW_GD400TAS100L6S_只有数字.xlsx Move To Error Folder
                                                Error: None
2023-12-29 13:24:46.985 - ETL_FT_SD_TO_XSIFF [ERROR   ] 文档开头格式不规范，请检查，文件名为：TLECGQG81-CW_阳光GD200FYS100L6S_取不到header数据..xlsx
2023-12-29 13:24:47.166 - __init__   [ERROR   ] File:TLECGQG81-CW_阳光GD200FYS100L6S_取不到header数据..xlsx Move To Error Folder
                                                Error: None
2023-12-29 13:24:47.660 - ETL_FT_SD_TO_XSIFF [ERROR   ] 文档开头格式不规范，请检查，文件名为：XLECHQ217-CW-FC_新阳光GD200FYS100L6S-CW.xlsx
2023-12-29 13:24:47.829 - __init__   [ERROR   ] File:XLECHQ217-CW-FC_新阳光GD200FYS100L6S-CW.xlsx Move To Error Folder
                                                Error: None
2023-12-29 13:24:52.322 - ETL_FT_SD_TO_XSIFF [ERROR   ] [Serial no.]列无法正确取值，例如遇到的第一个错误值为：200041 D12740000000;文件名为：XWECYQH20-CW_GD600MLS100L6S_取不到header数据.xlsx
2023-12-29 13:24:52.520 - __init__   [ERROR   ] File:XWECYQH20-CW_GD600MLS100L6S_取不到header数据.xlsx Move To Error Folder
                                                Error: None
2023-12-29 13:24:52.860 - ETL_FT_SD_TO_XSIFF [ERROR   ] 文档开头格式不规范，请检查，文件名为：XWECYQH62-GW_GD600MLS100L6S-GW.xlsx
2023-12-29 13:24:53.059 - __init__   [ERROR   ] File:XWECYQH62-GW_GD600MLS100L6S-GW.xlsx Move To Error Folder
                                                Error: None
2023-12-29 13:24:53.694 - ETL_FT_SD_TO_XSIFF [ERROR   ] 文档缺少正确表头，文件名为：XWECZQB06-GW_新GD600MJS100L6S-GW.xlsx
2023-12-29 13:24:53.879 - __init__   [ERROR   ] File:XWECZQB06-GW_新GD600MJS100L6S-GW.xlsx Move To Error Folder
                                                Error: None
2023-12-29 13:29:57.954 - ETL_FT_SD_TO_XSIFF [ERROR   ] 文档开头格式不规范，请检查，文件名为：QG35-CW_GD400TAS100L6S_只有数字.xlsx
2023-12-29 13:29:58.127 - __init__   [ERROR   ] File:QG35-CW_GD400TAS100L6S_只有数字.xlsx Move To Error Folder
                                                Error: None
2023-12-29 13:29:58.244 - ETL_FT_SD_TO_XSIFF [ERROR   ] 文档开头格式不规范，请检查，文件名为：TLECGQG81-CW_阳光GD200FYS100L6S_取不到header数据..xlsx
2023-12-29 13:29:58.352 - __init__   [ERROR   ] File:TLECGQG81-CW_阳光GD200FYS100L6S_取不到header数据..xlsx Move To Error Folder
                                                Error: None
2023-12-29 13:29:58.864 - ETL_FT_SD_TO_XSIFF [ERROR   ] 文档开头格式不规范，请检查，文件名为：XLECHQ217-CW-FC_新阳光GD200FYS100L6S-CW.xlsx
2023-12-29 13:29:59.067 - __init__   [ERROR   ] File:XLECHQ217-CW-FC_新阳光GD200FYS100L6S-CW.xlsx Move To Error Folder
                                                Error: None
2023-12-29 13:30:03.627 - ETL_FT_SD_TO_XSIFF [ERROR   ] [Serial no.]列无法正确取值，例如遇到的第一个错误值为：200041 D12740000000;文件名为：XWECYQH20-CW_GD600MLS100L6S_取不到header数据.xlsx
2023-12-29 13:30:03.816 - __init__   [ERROR   ] File:XWECYQH20-CW_GD600MLS100L6S_取不到header数据.xlsx Move To Error Folder
                                                Error: None
2023-12-29 13:30:04.141 - ETL_FT_SD_TO_XSIFF [ERROR   ] 文档开头格式不规范，请检查，文件名为：XWECYQH62-GW_GD600MLS100L6S-GW.xlsx
2023-12-29 13:30:04.325 - __init__   [ERROR   ] File:XWECYQH62-GW_GD600MLS100L6S-GW.xlsx Move To Error Folder
                                                Error: None
2023-12-29 13:30:04.973 - ETL_FT_SD_TO_XSIFF [ERROR   ] 文档缺少正确表头，文件名为：XWECZQB06-GW_新GD600MJS100L6S-GW.xlsx
2023-12-29 13:30:05.142 - __init__   [ERROR   ] File:XWECZQB06-GW_新GD600MJS100L6S-GW.xlsx Move To Error Folder
                                                Error: None
2023-12-29 13:35:41.500 - ETL_FT_SD_TO_XSIFF [ERROR   ] 文档开头格式不规范，请检查，文件名为：QG35-CW_GD400TAS100L6S_只有数字.xlsx
2023-12-29 13:35:41.756 - __init__   [ERROR   ] File:QG35-CW_GD400TAS100L6S_只有数字.xlsx Move To Error Folder
                                                Error: None
2023-12-29 13:35:41.896 - ETL_FT_SD_TO_XSIFF [ERROR   ] 文档开头格式不规范，请检查，文件名为：TLECGQG81-CW_阳光GD200FYS100L6S_取不到header数据..xlsx
2023-12-29 13:35:42.026 - __init__   [ERROR   ] File:TLECGQG81-CW_阳光GD200FYS100L6S_取不到header数据..xlsx Move To Error Folder
                                                Error: None
2023-12-29 13:35:42.673 - ETL_FT_SD_TO_XSIFF [ERROR   ] 文档开头格式不规范，请检查，文件名为：XLECHQ217-CW-FC_新阳光GD200FYS100L6S-CW.xlsx
2023-12-29 13:35:42.867 - __init__   [ERROR   ] File:XLECHQ217-CW-FC_新阳光GD200FYS100L6S-CW.xlsx Move To Error Folder
                                                Error: None
2023-12-29 13:35:47.648 - ETL_FT_SD_TO_XSIFF [ERROR   ] [Serial no.]列无法正确取值，例如遇到的第一个错误值为：200041 D12740000000;文件名为：XWECYQH20-CW_GD600MLS100L6S_取不到header数据.xlsx
2023-12-29 13:35:47.810 - __init__   [ERROR   ] File:XWECYQH20-CW_GD600MLS100L6S_取不到header数据.xlsx Move To Error Folder
                                                Error: None
2023-12-29 13:35:48.134 - ETL_FT_SD_TO_XSIFF [ERROR   ] 文档开头格式不规范，请检查，文件名为：XWECYQH62-GW_GD600MLS100L6S-GW.xlsx
2023-12-29 13:35:48.275 - __init__   [ERROR   ] File:XWECYQH62-GW_GD600MLS100L6S-GW.xlsx Move To Error Folder
                                                Error: None
2023-12-29 13:35:48.976 - ETL_FT_SD_TO_XSIFF [ERROR   ] 文档缺少正确表头，文件名为：XWECZQB06-GW_新GD600MJS100L6S-GW.xlsx
2023-12-29 13:35:49.156 - __init__   [ERROR   ] File:XWECZQB06-GW_新GD600MJS100L6S-GW.xlsx Move To Error Folder
                                                Error: None
2023-12-29 13:53:38.545 - ETL_FT_SD_TO_XSIFF [ERROR   ] 文档开头格式不规范，请检查，文件名为：QG35-CW_GD400TAS100L6S_只有数字.xlsx
2023-12-29 13:53:38.773 - __init__   [ERROR   ] File:QG35-CW_GD400TAS100L6S_只有数字.xlsx Move To Error Folder
                                                Error: None
2023-12-29 13:53:38.936 - ETL_FT_SD_TO_XSIFF [ERROR   ] 文档开头格式不规范，请检查，文件名为：TLECGQG81-CW_阳光GD200FYS100L6S_取不到header数据..xlsx
2023-12-29 13:53:39.101 - __init__   [ERROR   ] File:TLECGQG81-CW_阳光GD200FYS100L6S_取不到header数据..xlsx Move To Error Folder
                                                Error: None
2023-12-29 13:53:39.586 - ETL_FT_SD_TO_XSIFF [ERROR   ] 文档开头格式不规范，请检查，文件名为：XLECHQ217-CW-FC_新阳光GD200FYS100L6S-CW.xlsx
2023-12-29 13:53:39.775 - __init__   [ERROR   ] File:XLECHQ217-CW-FC_新阳光GD200FYS100L6S-CW.xlsx Move To Error Folder
                                                Error: None
2023-12-29 13:53:44.371 - ETL_FT_SD_TO_XSIFF [ERROR   ] [Serial no.]列无法正确取值，例如遇到的第一个错误值为：200041 D12740000000;文件名为：XWECYQH20-CW_GD600MLS100L6S_取不到header数据.xlsx
2023-12-29 13:53:44.535 - __init__   [ERROR   ] File:XWECYQH20-CW_GD600MLS100L6S_取不到header数据.xlsx Move To Error Folder
                                                Error: None
2023-12-29 13:53:44.850 - ETL_FT_SD_TO_XSIFF [ERROR   ] 文档开头格式不规范，请检查，文件名为：XWECYQH62-GW_GD600MLS100L6S-GW.xlsx
2023-12-29 13:53:45.053 - __init__   [ERROR   ] File:XWECYQH62-GW_GD600MLS100L6S-GW.xlsx Move To Error Folder
                                                Error: None
2023-12-29 13:53:45.662 - ETL_FT_SD_TO_XSIFF [ERROR   ] 文档缺少正确表头，文件名为：XWECZQB06-GW_新GD600MJS100L6S-GW.xlsx
2023-12-29 13:53:45.883 - __init__   [ERROR   ] File:XWECZQB06-GW_新GD600MJS100L6S-GW.xlsx Move To Error Folder
                                                Error: None
2023-12-29 13:54:48.547 - ETL_FT_SD_TO_XSIFF [ERROR   ] 文档开头格式不规范，请检查，文件名为：QG35-CW_GD400TAS100L6S_只有数字.xlsx
2023-12-29 13:54:48.755 - __init__   [ERROR   ] File:QG35-CW_GD400TAS100L6S_只有数字.xlsx Move To Error Folder
                                                Error: None
2023-12-29 13:54:48.933 - ETL_FT_SD_TO_XSIFF [ERROR   ] 文档开头格式不规范，请检查，文件名为：TLECGQG81-CW_阳光GD200FYS100L6S_取不到header数据..xlsx
2023-12-29 13:54:49.079 - __init__   [ERROR   ] File:TLECGQG81-CW_阳光GD200FYS100L6S_取不到header数据..xlsx Move To Error Folder
                                                Error: None
2023-12-29 13:54:49.378 - ETL_FT_SD_TO_XSIFF [ERROR   ] FtLot  信息缺失
2023-12-29 13:54:49.379 - ETL_FT_SD_TO_XSIFF [ERROR   ] FtProduct 信息缺失
2023-12-29 13:54:49.537 - __init__   [ERROR   ] File:XLECHQ122-CW-FC_新阳光-GD200FYS100L6S-CW_多列测试.xlsx Move To Error Folder
                                                Error: None
2023-12-29 13:54:49.720 - ETL_FT_SD_TO_XSIFF [ERROR   ] 文档开头格式不规范，请检查，文件名为：XLECHQ217-CW-FC_新阳光GD200FYS100L6S-CW.xlsx
2023-12-29 13:54:49.868 - __init__   [ERROR   ] File:XLECHQ217-CW-FC_新阳光GD200FYS100L6S-CW.xlsx Move To Error Folder
                                                Error: None
2023-12-29 13:54:53.812 - ETL_FT_SD_TO_XSIFF [ERROR   ] FtLot  信息缺失
2023-12-29 13:54:53.812 - ETL_FT_SD_TO_XSIFF [ERROR   ] FtProduct 信息缺失
2023-12-29 13:54:53.981 - __init__   [ERROR   ] File:XWECIQ743-CW_新阳光GD600MLS100L6S-CW-D125486-左.xlsx Move To Error Folder
                                                Error: None
2023-12-29 13:54:54.708 - ETL_FT_SD_TO_XSIFF [ERROR   ] [Serial no.]列无法正确取值，例如遇到的第一个错误值为：200041 D12740000000;文件名为：XWECYQH20-CW_GD600MLS100L6S_取不到header数据.xlsx
2023-12-29 13:54:54.929 - __init__   [ERROR   ] File:XWECYQH20-CW_GD600MLS100L6S_取不到header数据.xlsx Move To Error Folder
                                                Error: None
2023-12-29 13:54:55.242 - ETL_FT_SD_TO_XSIFF [ERROR   ] 文档开头格式不规范，请检查，文件名为：XWECYQH62-GW_GD600MLS100L6S-GW.xlsx
2023-12-29 13:54:55.466 - __init__   [ERROR   ] File:XWECYQH62-GW_GD600MLS100L6S-GW.xlsx Move To Error Folder
                                                Error: None
2023-12-29 13:54:56.066 - ETL_FT_SD_TO_XSIFF [ERROR   ] 文档缺少正确表头，文件名为：XWECZQB06-GW_新GD600MJS100L6S-GW.xlsx
2023-12-29 13:54:56.301 - __init__   [ERROR   ] File:XWECZQB06-GW_新GD600MJS100L6S-GW.xlsx Move To Error Folder
                                                Error: None
2023-12-29 13:54:57.082 - ETL_FT_SD_TO_XSIFF [ERROR   ] FtLot  信息缺失
2023-12-29 13:54:57.082 - ETL_FT_SD_TO_XSIFF [ERROR   ] FtProduct 信息缺失
2023-12-29 13:54:57.221 - __init__   [ERROR   ] File:XWECZS889-GW_新阳光GD600MLS100L6S-GW_特殊字符测试.xlsx Move To Error Folder
                                                Error: None
2023-12-29 13:59:14.572 - ETL_FT_SD_TO_XSIFF [ERROR   ] 文档开头格式不规范，请检查，文件名为：QG35-CW_GD400TAS100L6S_只有数字.xlsx
2023-12-29 13:59:14.769 - __init__   [ERROR   ] File:QG35-CW_GD400TAS100L6S_只有数字.xlsx Move To Error Folder
                                                Error: None
2023-12-29 13:59:14.984 - ETL_FT_SD_TO_XSIFF [ERROR   ] 文档开头格式不规范，请检查，文件名为：TLECGQG81-CW_阳光GD200FYS100L6S_取不到header数据..xlsx
2023-12-29 13:59:15.208 - __init__   [ERROR   ] File:TLECGQG81-CW_阳光GD200FYS100L6S_取不到header数据..xlsx Move To Error Folder
                                                Error: None
2023-12-29 13:59:15.539 - ETL_FT_SD_TO_XSIFF [ERROR   ] FtLot  信息缺失
2023-12-29 13:59:15.540 - ETL_FT_SD_TO_XSIFF [ERROR   ] FtProduct 信息缺失
2023-12-29 13:59:15.541 - ETL_FT_SD_TO_XSIFF [ERROR   ] 以下变量信息缺失: FtLot, FtProduct
2023-12-29 13:59:15.806 - __init__   [ERROR   ] File:XLECHQ122-CW-FC_新阳光-GD200FYS100L6S-CW_多列测试.xlsx Move To Error Folder
                                                Error: None
2023-12-29 13:59:15.987 - ETL_FT_SD_TO_XSIFF [ERROR   ] 文档开头格式不规范，请检查，文件名为：XLECHQ217-CW-FC_新阳光GD200FYS100L6S-CW.xlsx
2023-12-29 13:59:16.133 - __init__   [ERROR   ] File:XLECHQ217-CW-FC_新阳光GD200FYS100L6S-CW.xlsx Move To Error Folder
                                                Error: None
2023-12-29 13:59:19.824 - ETL_FT_SD_TO_XSIFF [ERROR   ] FtLot  信息缺失
2023-12-29 13:59:19.825 - ETL_FT_SD_TO_XSIFF [ERROR   ] FtProduct 信息缺失
2023-12-29 13:59:19.825 - ETL_FT_SD_TO_XSIFF [ERROR   ] 以下变量信息缺失: FtLot, FtProduct
2023-12-29 13:59:20.014 - __init__   [ERROR   ] File:XWECIQ743-CW_新阳光GD600MLS100L6S-CW-D125486-左.xlsx Move To Error Folder
                                                Error: None
2023-12-29 13:59:20.747 - ETL_FT_SD_TO_XSIFF [ERROR   ] [Serial no.]列无法正确取值，例如遇到的第一个错误值为：200041 D12740000000;文件名为：XWECYQH20-CW_GD600MLS100L6S_取不到header数据.xlsx
2023-12-29 13:59:20.958 - __init__   [ERROR   ] File:XWECYQH20-CW_GD600MLS100L6S_取不到header数据.xlsx Move To Error Folder
                                                Error: None
2023-12-29 13:59:21.286 - ETL_FT_SD_TO_XSIFF [ERROR   ] 文档开头格式不规范，请检查，文件名为：XWECYQH62-GW_GD600MLS100L6S-GW.xlsx
2023-12-29 13:59:21.456 - __init__   [ERROR   ] File:XWECYQH62-GW_GD600MLS100L6S-GW.xlsx Move To Error Folder
                                                Error: None
2023-12-29 13:59:22.047 - ETL_FT_SD_TO_XSIFF [ERROR   ] 文档缺少正确表头，文件名为：XWECZQB06-GW_新GD600MJS100L6S-GW.xlsx
2023-12-29 13:59:22.225 - __init__   [ERROR   ] File:XWECZQB06-GW_新GD600MJS100L6S-GW.xlsx Move To Error Folder
                                                Error: None
2023-12-29 13:59:23.020 - ETL_FT_SD_TO_XSIFF [ERROR   ] FtLot  信息缺失
2023-12-29 13:59:23.020 - ETL_FT_SD_TO_XSIFF [ERROR   ] FtProduct 信息缺失
2023-12-29 13:59:23.021 - ETL_FT_SD_TO_XSIFF [ERROR   ] 以下变量信息缺失: FtLot, FtProduct
2023-12-29 13:59:23.183 - __init__   [ERROR   ] File:XWECZS889-GW_新阳光GD600MLS100L6S-GW_特殊字符测试.xlsx Move To Error Folder
                                                Error: None
2023-12-29 14:04:49.460 - ETL_FT_SD_TO_XSIFF [ERROR   ] 文档开头格式不规范，请检查，文件名为：QG35-CW_GD400TAS100L6S_只有数字.xlsx
2023-12-29 14:04:49.619 - __init__   [ERROR   ] File:QG35-CW_GD400TAS100L6S_只有数字.xlsx Move To Error Folder
                                                Error: None
2023-12-29 14:04:49.762 - ETL_FT_SD_TO_XSIFF [ERROR   ] 文档开头格式不规范，请检查，文件名为：TLECGQG81-CW_阳光GD200FYS100L6S_取不到header数据..xlsx
2023-12-29 14:04:49.918 - __init__   [ERROR   ] File:TLECGQG81-CW_阳光GD200FYS100L6S_取不到header数据..xlsx Move To Error Folder
                                                Error: None
2023-12-29 14:04:50.409 - ETL_FT_SD_TO_XSIFF [ERROR   ] 文档开头格式不规范，请检查，文件名为：XLECHQ217-CW-FC_新阳光GD200FYS100L6S-CW.xlsx
2023-12-29 14:04:50.546 - __init__   [ERROR   ] File:XLECHQ217-CW-FC_新阳光GD200FYS100L6S-CW.xlsx Move To Error Folder
                                                Error: None
2023-12-29 14:04:55.057 - ETL_FT_SD_TO_XSIFF [ERROR   ] [Serial no.]列无法正确取值，例如遇到的第一个错误值为：200041 D12740000000;文件名为：XWECYQH20-CW_GD600MLS100L6S_取不到header数据.xlsx
2023-12-29 14:04:55.222 - __init__   [ERROR   ] File:XWECYQH20-CW_GD600MLS100L6S_取不到header数据.xlsx Move To Error Folder
                                                Error: None
2023-12-29 14:04:55.526 - ETL_FT_SD_TO_XSIFF [ERROR   ] 文档开头格式不规范，请检查，文件名为：XWECYQH62-GW_GD600MLS100L6S-GW.xlsx
2023-12-29 14:04:55.725 - __init__   [ERROR   ] File:XWECYQH62-GW_GD600MLS100L6S-GW.xlsx Move To Error Folder
                                                Error: None
2023-12-29 14:04:56.326 - ETL_FT_SD_TO_XSIFF [ERROR   ] 文档缺少正确表头，文件名为：XWECZQB06-GW_新GD600MJS100L6S-GW.xlsx
2023-12-29 14:04:56.563 - __init__   [ERROR   ] File:XWECZQB06-GW_新GD600MJS100L6S-GW.xlsx Move To Error Folder
                                                Error: None
2023-12-29 14:10:42.097 - ETL_FT_SD_TO_XSIFF [ERROR   ] 文档开头格式不规范，请检查，文件名为：QG35-CW_GD400TAS100L6S_只有数字.xlsx
2023-12-29 14:10:42.302 - __init__   [ERROR   ] File:QG35-CW_GD400TAS100L6S_只有数字.xlsx Move To Error Folder
                                                Error: None
2023-12-29 14:10:42.462 - ETL_FT_SD_TO_XSIFF [ERROR   ] 文档开头格式不规范，请检查，文件名为：TLECGQG81-CW_阳光GD200FYS100L6S_取不到header数据..xlsx
2023-12-29 14:10:42.628 - __init__   [ERROR   ] File:TLECGQG81-CW_阳光GD200FYS100L6S_取不到header数据..xlsx Move To Error Folder
                                                Error: None
2023-12-29 14:10:43.174 - ETL_FT_SD_TO_XSIFF [ERROR   ] 文档开头格式不规范，请检查，文件名为：XLECHQ217-CW-FC_新阳光GD200FYS100L6S-CW.xlsx
2023-12-29 14:10:43.303 - __init__   [ERROR   ] File:XLECHQ217-CW-FC_新阳光GD200FYS100L6S-CW.xlsx Move To Error Folder
                                                Error: None
2023-12-29 14:10:46.553 - ETL_FT_SD_TO_XSIFF [ERROR   ] unsupported operand type(s) for +: 'float' and 'str'
Traceback (most recent call last):
  File "D:/Ina/ETL_XdmLib_2.A.13/ETL_XdmLib_2.A.13/EDAETL/ETL_TABLE/ETL_FT_SD_TO_XSIFF/ETL_FT_SD_TO_XSIFF.py", line 233, in do_file
    bin_desc = row_dict['Pass/Fail'] + '-' + row_dict['NO LEG']
TypeError: unsupported operand type(s) for +: 'float' and 'str'
Stack (most recent call last):
  File "D:/Ina/ETL_XdmLib_2.A.13/ETL_XdmLib_2.A.13/EDAETL/ETL_TABLE/ETL_FT_SD_TO_XSIFF/ETL_FT_SD_TO_XSIFF.py", line 522, in <module>
    skip_file, None, log, config, config_sql)
  File "../..\XdmLib\CustomFuction.py", line 597, in file2db_init
    file, pre_params, db_src, db_tgt)
  File "D:/Ina/ETL_XdmLib_2.A.13/ETL_XdmLib_2.A.13/EDAETL/ETL_TABLE/ETL_FT_SD_TO_XSIFF/ETL_FT_SD_TO_XSIFF.py", line 342, in do_file
    log.error(ex, exc_info=True, stack_info=True)
2023-12-29 14:10:46.759 - __init__   [ERROR   ] File:XWECIQ743-CW_新阳光GD600MLS100L6S-CW-D125486-左.xlsx Move To Error Folder
                                                Error: None
2023-12-29 14:10:47.457 - ETL_FT_SD_TO_XSIFF [ERROR   ] [Serial no.]列无法正确取值，例如遇到的第一个错误值为：200041 D12740000000;文件名为：XWECYQH20-CW_GD600MLS100L6S_取不到header数据.xlsx
2023-12-29 14:10:47.625 - __init__   [ERROR   ] File:XWECYQH20-CW_GD600MLS100L6S_取不到header数据.xlsx Move To Error Folder
                                                Error: None
2023-12-29 14:10:47.931 - ETL_FT_SD_TO_XSIFF [ERROR   ] 文档开头格式不规范，请检查，文件名为：XWECYQH62-GW_GD600MLS100L6S-GW.xlsx
2023-12-29 14:10:48.074 - __init__   [ERROR   ] File:XWECYQH62-GW_GD600MLS100L6S-GW.xlsx Move To Error Folder
                                                Error: None
2023-12-29 14:10:48.625 - ETL_FT_SD_TO_XSIFF [ERROR   ] can only concatenate str (not "float") to str
Traceback (most recent call last):
  File "D:/Ina/ETL_XdmLib_2.A.13/ETL_XdmLib_2.A.13/EDAETL/ETL_TABLE/ETL_FT_SD_TO_XSIFF/ETL_FT_SD_TO_XSIFF.py", line 233, in do_file
    bin_desc = row_dict['Pass/Fail'] + '-' + row_dict['NO LEG']
TypeError: can only concatenate str (not "float") to str
Stack (most recent call last):
  File "D:/Ina/ETL_XdmLib_2.A.13/ETL_XdmLib_2.A.13/EDAETL/ETL_TABLE/ETL_FT_SD_TO_XSIFF/ETL_FT_SD_TO_XSIFF.py", line 522, in <module>
    skip_file, None, log, config, config_sql)
  File "../..\XdmLib\CustomFuction.py", line 597, in file2db_init
    file, pre_params, db_src, db_tgt)
  File "D:/Ina/ETL_XdmLib_2.A.13/ETL_XdmLib_2.A.13/EDAETL/ETL_TABLE/ETL_FT_SD_TO_XSIFF/ETL_FT_SD_TO_XSIFF.py", line 342, in do_file
    log.error(ex, exc_info=True, stack_info=True)
2023-12-29 14:10:48.847 - __init__   [ERROR   ] File:XWECZQB06-GW_新GD600MJS100L6S-GW.xlsx Move To Error Folder
                                                Error: None
2023-12-29 14:10:49.484 - ETL_FT_SD_TO_XSIFF [ERROR   ] can only concatenate str (not "float") to str
Traceback (most recent call last):
  File "D:/Ina/ETL_XdmLib_2.A.13/ETL_XdmLib_2.A.13/EDAETL/ETL_TABLE/ETL_FT_SD_TO_XSIFF/ETL_FT_SD_TO_XSIFF.py", line 233, in do_file
    bin_desc = row_dict['Pass/Fail'] + '-' + row_dict['NO LEG']
TypeError: can only concatenate str (not "float") to str
Stack (most recent call last):
  File "D:/Ina/ETL_XdmLib_2.A.13/ETL_XdmLib_2.A.13/EDAETL/ETL_TABLE/ETL_FT_SD_TO_XSIFF/ETL_FT_SD_TO_XSIFF.py", line 522, in <module>
    skip_file, None, log, config, config_sql)
  File "../..\XdmLib\CustomFuction.py", line 597, in file2db_init
    file, pre_params, db_src, db_tgt)
  File "D:/Ina/ETL_XdmLib_2.A.13/ETL_XdmLib_2.A.13/EDAETL/ETL_TABLE/ETL_FT_SD_TO_XSIFF/ETL_FT_SD_TO_XSIFF.py", line 342, in do_file
    log.error(ex, exc_info=True, stack_info=True)
2023-12-29 14:10:49.645 - __init__   [ERROR   ] File:XWECZS889-GW_新阳光GD600MLS100L6S-GW_特殊字符测试.xlsx Move To Error Folder
                                                Error: None
2023-12-29 14:27:29.516 - ETL_FT_SD_TO_XSIFF [ERROR   ] 文档开头格式不规范，请检查，文件名为：QG35-CW_GD400TAS100L6S_只有数字.xlsx
2023-12-29 14:27:29.721 - __init__   [ERROR   ] File:QG35-CW_GD400TAS100L6S_只有数字.xlsx Move To Error Folder
                                                Error: None
2023-12-29 14:27:29.872 - ETL_FT_SD_TO_XSIFF [ERROR   ] 文档开头格式不规范，请检查，文件名为：TLECGQG81-CW_阳光GD200FYS100L6S_取不到header数据..xlsx
2023-12-29 14:27:30.012 - __init__   [ERROR   ] File:TLECGQG81-CW_阳光GD200FYS100L6S_取不到header数据..xlsx Move To Error Folder
                                                Error: None
2023-12-29 14:27:30.593 - ETL_FT_SD_TO_XSIFF [ERROR   ] 文档开头格式不规范，请检查，文件名为：XLECHQ217-CW-FC_新阳光GD200FYS100L6S-CW.xlsx
2023-12-29 14:27:30.760 - __init__   [ERROR   ] File:XLECHQ217-CW-FC_新阳光GD200FYS100L6S-CW.xlsx Move To Error Folder
                                                Error: None
2023-12-29 14:27:35.671 - ETL_FT_SD_TO_XSIFF [ERROR   ] [Serial no.]列无法正确取值，例如遇到的第一个错误值为：200041 D12740000000;文件名为：XWECYQH20-CW_GD600MLS100L6S_取不到header数据.xlsx
2023-12-29 14:27:35.803 - __init__   [ERROR   ] File:XWECYQH20-CW_GD600MLS100L6S_取不到header数据.xlsx Move To Error Folder
                                                Error: None
2023-12-29 14:27:36.107 - ETL_FT_SD_TO_XSIFF [ERROR   ] 文档开头格式不规范，请检查，文件名为：XWECYQH62-GW_GD600MLS100L6S-GW.xlsx
2023-12-29 14:27:36.226 - __init__   [ERROR   ] File:XWECYQH62-GW_GD600MLS100L6S-GW.xlsx Move To Error Folder
                                                Error: None
2023-12-29 14:27:36.899 - ETL_FT_SD_TO_XSIFF [ERROR   ] 文档缺少正确表头，文件名为：XWECZQB06-GW_新GD600MJS100L6S-GW.xlsx
2023-12-29 14:27:37.041 - __init__   [ERROR   ] File:XWECZQB06-GW_新GD600MJS100L6S-GW.xlsx Move To Error Folder
                                                Error: None
2023-12-29 14:28:26.580 - ETL_FT_SD_TO_XSIFF [ERROR   ] 文档开头格式不规范，请检查，文件名为：QG35-CW_GD400TAS100L6S_只有数字.xlsx
2023-12-29 14:28:26.768 - __init__   [ERROR   ] File:QG35-CW_GD400TAS100L6S_只有数字.xlsx Move To Error Folder
                                                Error: None
2023-12-29 14:28:26.933 - ETL_FT_SD_TO_XSIFF [ERROR   ] 文档开头格式不规范，请检查，文件名为：TLECGQG81-CW_阳光GD200FYS100L6S_取不到header数据..xlsx
2023-12-29 14:28:27.104 - __init__   [ERROR   ] File:TLECGQG81-CW_阳光GD200FYS100L6S_取不到header数据..xlsx Move To Error Folder
                                                Error: None
2023-12-29 14:28:27.598 - ETL_FT_SD_TO_XSIFF [ERROR   ] 文档开头格式不规范，请检查，文件名为：XLECHQ217-CW-FC_新阳光GD200FYS100L6S-CW.xlsx
2023-12-29 14:28:27.771 - __init__   [ERROR   ] File:XLECHQ217-CW-FC_新阳光GD200FYS100L6S-CW.xlsx Move To Error Folder
                                                Error: None
2023-12-29 14:28:32.489 - ETL_FT_SD_TO_XSIFF [ERROR   ] [Serial no.]列无法正确取值，例如遇到的第一个错误值为：200041 D12740000000;文件名为：XWECYQH20-CW_GD600MLS100L6S_取不到header数据.xlsx
2023-12-29 14:28:32.632 - __init__   [ERROR   ] File:XWECYQH20-CW_GD600MLS100L6S_取不到header数据.xlsx Move To Error Folder
                                                Error: None
2023-12-29 14:28:32.974 - ETL_FT_SD_TO_XSIFF [ERROR   ] 文档开头格式不规范，请检查，文件名为：XWECYQH62-GW_GD600MLS100L6S-GW.xlsx
2023-12-29 14:28:33.166 - __init__   [ERROR   ] File:XWECYQH62-GW_GD600MLS100L6S-GW.xlsx Move To Error Folder
                                                Error: None
2023-12-29 14:28:33.834 - ETL_FT_SD_TO_XSIFF [ERROR   ] 文档缺少正确表头，文件名为：XWECZQB06-GW_新GD600MJS100L6S-GW.xlsx
2023-12-29 14:28:34.000 - __init__   [ERROR   ] File:XWECZQB06-GW_新GD600MJS100L6S-GW.xlsx Move To Error Folder
                                                Error: None
2023-12-29 14:33:20.414 - ETL_FT_SD_TO_XSIFF [ERROR   ] 文档开头格式不规范，请检查，文件名为：QG35-CW_GD400TAS100L6S_只有数字.xlsx
2023-12-29 14:33:20.576 - __init__   [ERROR   ] File:QG35-CW_GD400TAS100L6S_只有数字.xlsx Move To Error Folder
                                                Error: None
2023-12-29 14:33:20.734 - ETL_FT_SD_TO_XSIFF [ERROR   ] 文档开头格式不规范，请检查，文件名为：TLECGQG81-CW_阳光GD200FYS100L6S_取不到header数据..xlsx
2023-12-29 14:33:20.866 - __init__   [ERROR   ] File:TLECGQG81-CW_阳光GD200FYS100L6S_取不到header数据..xlsx Move To Error Folder
                                                Error: None
2023-12-29 14:33:21.347 - ETL_FT_SD_TO_XSIFF [ERROR   ] 文档开头格式不规范，请检查，文件名为：XLECHQ217-CW-FC_新阳光GD200FYS100L6S-CW.xlsx
2023-12-29 14:33:21.503 - __init__   [ERROR   ] File:XLECHQ217-CW-FC_新阳光GD200FYS100L6S-CW.xlsx Move To Error Folder
                                                Error: None
2023-12-29 14:33:26.074 - ETL_FT_SD_TO_XSIFF [ERROR   ] [Serial no.]列无法正确取值，例如遇到的第一个错误值为：200041 D12740000000;文件名为：XWECYQH20-CW_GD600MLS100L6S_取不到header数据.xlsx
2023-12-29 14:33:26.222 - __init__   [ERROR   ] File:XWECYQH20-CW_GD600MLS100L6S_取不到header数据.xlsx Move To Error Folder
                                                Error: None
2023-12-29 14:33:26.545 - ETL_FT_SD_TO_XSIFF [ERROR   ] 文档开头格式不规范，请检查，文件名为：XWECYQH62-GW_GD600MLS100L6S-GW.xlsx
2023-12-29 14:33:26.765 - __init__   [ERROR   ] File:XWECYQH62-GW_GD600MLS100L6S-GW.xlsx Move To Error Folder
                                                Error: None
2023-12-29 14:33:27.406 - ETL_FT_SD_TO_XSIFF [ERROR   ] 文档缺少正确表头，文件名为：XWECZQB06-GW_新GD600MJS100L6S-GW.xlsx
2023-12-29 14:33:27.634 - __init__   [ERROR   ] File:XWECZQB06-GW_新GD600MJS100L6S-GW.xlsx Move To Error Folder
                                                Error: None
2023-12-29 14:36:32.155 - ETL_FT_SD_TO_XSIFF [ERROR   ] 文档开头格式不规范，请检查，文件名为：QG35-CW_GD400TAS100L6S_只有数字.xlsx
2023-12-29 14:36:32.344 - __init__   [ERROR   ] File:QG35-CW_GD400TAS100L6S_只有数字.xlsx Move To Error Folder
                                                Error: None
2023-12-29 14:36:32.493 - ETL_FT_SD_TO_XSIFF [ERROR   ] 文档开头格式不规范，请检查，文件名为：TLECGQG81-CW_阳光GD200FYS100L6S_取不到header数据..xlsx
2023-12-29 14:36:32.660 - __init__   [ERROR   ] File:TLECGQG81-CW_阳光GD200FYS100L6S_取不到header数据..xlsx Move To Error Folder
                                                Error: None
2023-12-29 14:36:33.124 - ETL_FT_SD_TO_XSIFF [ERROR   ] 文档开头格式不规范，请检查，文件名为：XLECHQ217-CW-FC_新阳光GD200FYS100L6S-CW.xlsx
2023-12-29 14:36:33.397 - __init__   [ERROR   ] File:XLECHQ217-CW-FC_新阳光GD200FYS100L6S-CW.xlsx Move To Error Folder
                                                Error: None
2023-12-29 14:36:38.294 - ETL_FT_SD_TO_XSIFF [ERROR   ] [Serial no.]列无法正确取值，例如遇到的第一个错误值为：200041 D12740000000;文件名为：XWECYQH20-CW_GD600MLS100L6S_取不到header数据.xlsx
2023-12-29 14:36:38.519 - __init__   [ERROR   ] File:XWECYQH20-CW_GD600MLS100L6S_取不到header数据.xlsx Move To Error Folder
                                                Error: None
2023-12-29 14:36:38.855 - ETL_FT_SD_TO_XSIFF [ERROR   ] 文档开头格式不规范，请检查，文件名为：XWECYQH62-GW_GD600MLS100L6S-GW.xlsx
2023-12-29 14:36:39.086 - __init__   [ERROR   ] File:XWECYQH62-GW_GD600MLS100L6S-GW.xlsx Move To Error Folder
                                                Error: None
2023-12-29 14:36:39.723 - ETL_FT_SD_TO_XSIFF [ERROR   ] 文档缺少正确表头，文件名为：XWECZQB06-GW_新GD600MJS100L6S-GW.xlsx
2023-12-29 14:36:39.910 - __init__   [ERROR   ] File:XWECZQB06-GW_新GD600MJS100L6S-GW.xlsx Move To Error Folder
                                                Error: None
