2024-01-02 09:52:00.201 - ETL_FT_SD_TO_XSIFF_20231229 [ERROR   ] 文档开头格式不规范，请检查，文件名为：QG35-CW_GD400TAS100L6S_只有数字.xlsx
2024-01-02 09:52:00.605 - __init__   [ERROR   ] File:QG35-CW_GD400TAS100L6S_只有数字.xlsx Move To Error Folder
                                                Error: None
2024-01-02 09:52:00.944 - ETL_FT_SD_TO_XSIFF_20231229 [ERROR   ] 文档开头格式不规范，请检查，文件名为：TLECGQG81-CW_阳光GD200FYS100L6S_取不到header数据..xlsx
2024-01-02 09:52:01.098 - __init__   [ERROR   ] File:TLECGQG81-CW_阳光GD200FYS100L6S_取不到header数据..xlsx Move To Error Folder
                                                Error: None
2024-01-02 09:53:38.358 - ETL_FT_SD_TO_XSIFF_20231229 [ERROR   ] 文档开头格式不规范，请检查，文件名为：QG35-CW_GD400TAS100L6S_只有数字.xlsx
2024-01-02 09:53:38.607 - __init__   [ERROR   ] File:QG35-CW_GD400TAS100L6S_只有数字.xlsx Move To Error Folder
                                                Error: None
2024-01-02 09:53:38.828 - ETL_FT_SD_TO_XSIFF_20231229 [ERROR   ] 文档开头格式不规范，请检查，文件名为：TLECGQG81-CW_阳光GD200FYS100L6S_取不到header数据..xlsx
2024-01-02 09:53:39.013 - __init__   [ERROR   ] File:TLECGQG81-CW_阳光GD200FYS100L6S_取不到header数据..xlsx Move To Error Folder
                                                Error: None
2024-01-02 09:59:16.896 - ETL_FT_SD_TO_XSIFF_20231229 [ERROR   ] 文档开头格式不规范，请检查，文件名为：QG35-CW_GD400TAS100L6S_只有数字.xlsx
2024-01-02 09:59:17.125 - __init__   [ERROR   ] File:QG35-CW_GD400TAS100L6S_只有数字.xlsx Move To Error Folder
                                                Error: None
2024-01-02 09:59:17.347 - ETL_FT_SD_TO_XSIFF_20231229 [ERROR   ] 文档开头格式不规范，请检查，文件名为：TLECGQG81-CW_阳光GD200FYS100L6S_取不到header数据..xlsx
2024-01-02 09:59:17.493 - __init__   [ERROR   ] File:TLECGQG81-CW_阳光GD200FYS100L6S_取不到header数据..xlsx Move To Error Folder
                                                Error: None
2024-01-02 10:00:19.656 - ETL_FT_SD_TO_XSIFF_20231229 [ERROR   ] 文档开头格式不规范，请检查，文件名为：QG35-CW_GD400TAS100L6S_只有数字.xlsx
2024-01-02 10:00:19.929 - __init__   [ERROR   ] File:QG35-CW_GD400TAS100L6S_只有数字.xlsx Move To Error Folder
                                                Error: None
2024-01-02 10:00:20.187 - ETL_FT_SD_TO_XSIFF_20231229 [ERROR   ] 文档开头格式不规范，请检查，文件名为：TLECGQG81-CW_阳光GD200FYS100L6S_取不到header数据..xlsx
2024-01-02 10:00:20.317 - __init__   [ERROR   ] File:TLECGQG81-CW_阳光GD200FYS100L6S_取不到header数据..xlsx Move To Error Folder
                                                Error: None
2024-01-02 10:19:18.048 - ETL_FT_SD_TO_XSIFF_20231229 [ERROR   ] 文档开头格式不规范，请检查，文件名为：QG35-CW_GD400TAS100L6S_只有数字.xlsx
2024-01-02 10:19:18.259 - __init__   [ERROR   ] File:QG35-CW_GD400TAS100L6S_只有数字.xlsx Move To Error Folder
                                                Error: None
2024-01-02 10:19:18.503 - ETL_FT_SD_TO_XSIFF_20231229 [ERROR   ] 文档开头格式不规范，请检查，文件名为：TLECGQG81-CW_阳光GD200FYS100L6S_取不到header数据..xlsx
2024-01-02 10:19:18.640 - __init__   [ERROR   ] File:TLECGQG81-CW_阳光GD200FYS100L6S_取不到header数据..xlsx Move To Error Folder
                                                Error: None
2024-01-02 10:20:30.469 - ETL_FT_SD_TO_XSIFF_20231229 [ERROR   ] 文档开头格式不规范，请检查，文件名为：QG35-CW_GD400TAS100L6S_只有数字.xlsx
2024-01-02 10:20:30.715 - __init__   [ERROR   ] File:QG35-CW_GD400TAS100L6S_只有数字.xlsx Move To Error Folder
                                                Error: None
2024-01-02 10:20:31.017 - ETL_FT_SD_TO_XSIFF_20231229 [ERROR   ] 文档开头格式不规范，请检查，文件名为：TLECGQG81-CW_阳光GD200FYS100L6S_取不到header数据..xlsx
2024-01-02 10:20:31.203 - __init__   [ERROR   ] File:TLECGQG81-CW_阳光GD200FYS100L6S_取不到header数据..xlsx Move To Error Folder
                                                Error: None
2024-01-02 14:28:30.732 - ETL_FT_SD_TO_XSIFF_20231229 [ERROR   ] 文档开头格式不规范，请检查，文件名为：QG35-CW_GD400TAS100L6S_只有数字.xlsx
2024-01-02 14:28:30.889 - __init__   [ERROR   ] File:QG35-CW_GD400TAS100L6S_只有数字.xlsx Move To Error Folder
                                                Error: None
2024-01-02 14:28:31.028 - ETL_FT_SD_TO_XSIFF_20231229 [ERROR   ] 文档开头格式不规范，请检查，文件名为：TLECGQG81-CW_阳光GD200FYS100L6S_取不到header数据..xlsx
2024-01-02 14:28:31.163 - __init__   [ERROR   ] File:TLECGQG81-CW_阳光GD200FYS100L6S_取不到header数据..xlsx Move To Error Folder
                                                Error: None
2024-01-02 14:28:31.338 - ETL_FT_SD_TO_XSIFF_20231229 [ERROR   ] local variable 'start_time_obj' referenced before assignment
Traceback (most recent call last):
  File "D:/Ina/ETL_XdmLib_2.A.13/ETL_XdmLib_2.A.13/EDAETL/ETL_TABLE/ETL_FT_SD_TO_XSIFF/ETL_FT_SD_TO_XSIFF_20231229.py", line 213, in do_file
    start_time = start_time_obj.strftime(output_time_format)
UnboundLocalError: local variable 'start_time_obj' referenced before assignment
Stack (most recent call last):
  File "D:/Ina/ETL_XdmLib_2.A.13/ETL_XdmLib_2.A.13/EDAETL/ETL_TABLE/ETL_FT_SD_TO_XSIFF/ETL_FT_SD_TO_XSIFF_20231229.py", line 535, in <module>
    skip_file, None, log, config, config_sql)
  File "../..\XdmLib\CustomFuction.py", line 597, in file2db_init
    file, pre_params, db_src, db_tgt)
  File "D:/Ina/ETL_XdmLib_2.A.13/ETL_XdmLib_2.A.13/EDAETL/ETL_TABLE/ETL_FT_SD_TO_XSIFF/ETL_FT_SD_TO_XSIFF_20231229.py", line 356, in do_file
    log.error(ex, exc_info=True, stack_info=True)
2024-01-02 14:28:31.509 - __init__   [ERROR   ] File:XLECHQ122-CW-FC_新阳光-GD200FYS100L6S-CW_多列测试.xlsx Move To Error Folder
                                                Error: None
2024-01-02 14:28:31.728 - ETL_FT_SD_TO_XSIFF_20231229 [ERROR   ] 文档开头格式不规范，请检查，文件名为：XLECHQ217-CW-FC_新阳光GD200FYS100L6S-CW.xlsx
2024-01-02 14:28:31.870 - __init__   [ERROR   ] File:XLECHQ217-CW-FC_新阳光GD200FYS100L6S-CW.xlsx Move To Error Folder
                                                Error: None
2024-01-02 14:28:35.245 - ETL_FT_SD_TO_XSIFF_20231229 [ERROR   ] local variable 'start_time_obj' referenced before assignment
Traceback (most recent call last):
  File "D:/Ina/ETL_XdmLib_2.A.13/ETL_XdmLib_2.A.13/EDAETL/ETL_TABLE/ETL_FT_SD_TO_XSIFF/ETL_FT_SD_TO_XSIFF_20231229.py", line 213, in do_file
    start_time = start_time_obj.strftime(output_time_format)
UnboundLocalError: local variable 'start_time_obj' referenced before assignment
Stack (most recent call last):
  File "D:/Ina/ETL_XdmLib_2.A.13/ETL_XdmLib_2.A.13/EDAETL/ETL_TABLE/ETL_FT_SD_TO_XSIFF/ETL_FT_SD_TO_XSIFF_20231229.py", line 535, in <module>
    skip_file, None, log, config, config_sql)
  File "../..\XdmLib\CustomFuction.py", line 597, in file2db_init
    file, pre_params, db_src, db_tgt)
  File "D:/Ina/ETL_XdmLib_2.A.13/ETL_XdmLib_2.A.13/EDAETL/ETL_TABLE/ETL_FT_SD_TO_XSIFF/ETL_FT_SD_TO_XSIFF_20231229.py", line 356, in do_file
    log.error(ex, exc_info=True, stack_info=True)
2024-01-02 14:28:35.411 - __init__   [ERROR   ] File:XWECIQ743-CW_新阳光GD600MLS100L6S-CW-D125486-左.xlsx Move To Error Folder
                                                Error: None
2024-01-02 14:28:36.114 - ETL_FT_SD_TO_XSIFF_20231229 [ERROR   ] local variable 'start_time_obj' referenced before assignment
Traceback (most recent call last):
  File "D:/Ina/ETL_XdmLib_2.A.13/ETL_XdmLib_2.A.13/EDAETL/ETL_TABLE/ETL_FT_SD_TO_XSIFF/ETL_FT_SD_TO_XSIFF_20231229.py", line 213, in do_file
    start_time = start_time_obj.strftime(output_time_format)
UnboundLocalError: local variable 'start_time_obj' referenced before assignment
Stack (most recent call last):
  File "D:/Ina/ETL_XdmLib_2.A.13/ETL_XdmLib_2.A.13/EDAETL/ETL_TABLE/ETL_FT_SD_TO_XSIFF/ETL_FT_SD_TO_XSIFF_20231229.py", line 535, in <module>
    skip_file, None, log, config, config_sql)
  File "../..\XdmLib\CustomFuction.py", line 597, in file2db_init
    file, pre_params, db_src, db_tgt)
  File "D:/Ina/ETL_XdmLib_2.A.13/ETL_XdmLib_2.A.13/EDAETL/ETL_TABLE/ETL_FT_SD_TO_XSIFF/ETL_FT_SD_TO_XSIFF_20231229.py", line 356, in do_file
    log.error(ex, exc_info=True, stack_info=True)
2024-01-02 14:28:36.294 - __init__   [ERROR   ] File:XWECYQH20-CW_GD600MLS100L6S_取不到header数据.xlsx Move To Error Folder
                                                Error: None
2024-01-02 14:28:36.627 - ETL_FT_SD_TO_XSIFF_20231229 [ERROR   ] 文档开头格式不规范，请检查，文件名为：XWECYQH62-GW_GD600MLS100L6S-GW.xlsx
2024-01-02 14:28:36.785 - __init__   [ERROR   ] File:XWECYQH62-GW_GD600MLS100L6S-GW.xlsx Move To Error Folder
                                                Error: None
2024-01-02 14:28:37.511 - ETL_FT_SD_TO_XSIFF_20231229 [ERROR   ] local variable 'start_time_obj' referenced before assignment
Traceback (most recent call last):
  File "D:/Ina/ETL_XdmLib_2.A.13/ETL_XdmLib_2.A.13/EDAETL/ETL_TABLE/ETL_FT_SD_TO_XSIFF/ETL_FT_SD_TO_XSIFF_20231229.py", line 213, in do_file
    start_time = start_time_obj.strftime(output_time_format)
UnboundLocalError: local variable 'start_time_obj' referenced before assignment
Stack (most recent call last):
  File "D:/Ina/ETL_XdmLib_2.A.13/ETL_XdmLib_2.A.13/EDAETL/ETL_TABLE/ETL_FT_SD_TO_XSIFF/ETL_FT_SD_TO_XSIFF_20231229.py", line 535, in <module>
    skip_file, None, log, config, config_sql)
  File "../..\XdmLib\CustomFuction.py", line 597, in file2db_init
    file, pre_params, db_src, db_tgt)
  File "D:/Ina/ETL_XdmLib_2.A.13/ETL_XdmLib_2.A.13/EDAETL/ETL_TABLE/ETL_FT_SD_TO_XSIFF/ETL_FT_SD_TO_XSIFF_20231229.py", line 356, in do_file
    log.error(ex, exc_info=True, stack_info=True)
2024-01-02 14:28:37.707 - __init__   [ERROR   ] File:XWECZS889-GW_新阳光GD600MLS100L6S-GW_特殊字符测试.xlsx Move To Error Folder
                                                Error: None
2024-01-02 14:30:15.727 - ETL_FT_SD_TO_XSIFF_20231229 [ERROR   ] 文档开头格式不规范，请检查，文件名为：QG35-CW_GD400TAS100L6S_只有数字.xlsx
2024-01-02 14:30:15.872 - __init__   [ERROR   ] File:QG35-CW_GD400TAS100L6S_只有数字.xlsx Move To Error Folder
                                                Error: None
2024-01-02 14:30:16.022 - ETL_FT_SD_TO_XSIFF_20231229 [ERROR   ] 文档开头格式不规范，请检查，文件名为：TLECGQG81-CW_阳光GD200FYS100L6S_取不到header数据..xlsx
2024-01-02 14:30:16.184 - __init__   [ERROR   ] File:TLECGQG81-CW_阳光GD200FYS100L6S_取不到header数据..xlsx Move To Error Folder
                                                Error: None
2024-01-02 14:30:16.679 - ETL_FT_SD_TO_XSIFF_20231229 [ERROR   ] 文档开头格式不规范，请检查，文件名为：XLECHQ217-CW-FC_新阳光GD200FYS100L6S-CW.xlsx
2024-01-02 14:30:16.838 - __init__   [ERROR   ] File:XLECHQ217-CW-FC_新阳光GD200FYS100L6S-CW.xlsx Move To Error Folder
                                                Error: None
2024-01-02 14:30:21.085 - ETL_FT_SD_TO_XSIFF_20231229 [ERROR   ] [Serial no.]列无法正确取值，例如遇到的第一个错误值为：200041 D12740000000;文件名为：XWECYQH20-CW_GD600MLS100L6S_取不到header数据.xlsx
2024-01-02 14:30:21.267 - __init__   [ERROR   ] File:XWECYQH20-CW_GD600MLS100L6S_取不到header数据.xlsx Move To Error Folder
                                                Error: None
2024-01-02 14:30:21.572 - ETL_FT_SD_TO_XSIFF_20231229 [ERROR   ] 文档开头格式不规范，请检查，文件名为：XWECYQH62-GW_GD600MLS100L6S-GW.xlsx
2024-01-02 14:30:21.759 - __init__   [ERROR   ] File:XWECYQH62-GW_GD600MLS100L6S-GW.xlsx Move To Error Folder
                                                Error: None
2024-01-02 14:36:11.208 - ETL_FT_SD_TO_XSIFF_20231229 [ERROR   ] 文档开头格式不规范，请检查，文件名为：QG35-CW_GD400TAS100L6S_只有数字.xlsx
2024-01-02 14:36:11.377 - __init__   [ERROR   ] File:QG35-CW_GD400TAS100L6S_只有数字.xlsx Move To Error Folder
                                                Error: None
2024-01-02 14:36:11.600 - ETL_FT_SD_TO_XSIFF_20231229 [ERROR   ] 文档开头格式不规范，请检查，文件名为：TLECGQG81-CW_阳光GD200FYS100L6S_取不到header数据..xlsx
2024-01-02 14:36:11.713 - __init__   [ERROR   ] File:TLECGQG81-CW_阳光GD200FYS100L6S_取不到header数据..xlsx Move To Error Folder
                                                Error: None
2024-01-02 14:55:22.602 - CustomFuction [ERROR   ] Move File Error
2024-01-02 14:55:22.604 - CustomFuction [ERROR   ] 'D:\\Ina\\ETL_XdmLib_2.A.13\\ETL_XdmLib_2.A.13\\EDAETL\\ETL_TABLE\\ETL_FT_SD_TO_XSIFF\\Data\\Source\\StarPower\\FT\\Module\\UNISIC\\Dynamic\\GW\\XWECIQ743-CW_新阳光GD600MLS100L6S-CW-D125486-左.xlsx' and 'D:\\Ina\\ETL_XdmLib_2.A.13\\ETL_XdmLib_2.A.13\\EDAETL\\ETL_TABLE\\ETL_FT_SD_TO_XSIFF\\Data\\Source\\StarPower\\FT\\Module\\UNISIC\\Dynamic\\GW\\XWECIQ743-CW_新阳光GD600MLS100L6S-CW-D125486-左.xlsx' are the same file
Traceback (most recent call last):
  File "D:\Python37\lib\shutil.py", line 557, in move
    os.rename(src, real_dst)
PermissionError: [WinError 32] 另一个程序正在使用此文件，进程无法访问。: 'D:\\Ina\\ETL_XdmLib_2.A.13\\ETL_XdmLib_2.A.13\\EDAETL\\ETL_TABLE\\ETL_FT_SD_TO_XSIFF\\Data\\Source\\StarPower\\FT\\Module\\UNISIC\\Dynamic\\GW\\XWECIQ743-CW_新阳光GD600MLS100L6S-CW-D125486-左.xlsx' -> 'D:\\Ina\\ETL_XdmLib_2.A.13\\ETL_XdmLib_2.A.13\\EDAETL\\ETL_TABLE\\ETL_FT_SD_TO_XSIFF\\Data\\Source\\StarPower\\FT\\Module\\UNISIC\\Dynamic\\GW\\XWECIQ743-CW_新阳光GD600MLS100L6S-CW-D125486-左.xlsx'

During handling of the above exception, another exception occurred:

Traceback (most recent call last):
  File "../..\XdmLib\CustomFuction.py", line 1036, in move_file
    os.path.join(target_path, fileName))
  File "D:\Python37\lib\shutil.py", line 571, in move
    copy_function(src, real_dst)
  File "D:\Python37\lib\shutil.py", line 257, in copy2
    copyfile(src, dst, follow_symlinks=follow_symlinks)
  File "D:\Python37\lib\shutil.py", line 104, in copyfile
    raise SameFileError("{!r} and {!r} are the same file".format(src, dst))
shutil.SameFileError: 'D:\\Ina\\ETL_XdmLib_2.A.13\\ETL_XdmLib_2.A.13\\EDAETL\\ETL_TABLE\\ETL_FT_SD_TO_XSIFF\\Data\\Source\\StarPower\\FT\\Module\\UNISIC\\Dynamic\\GW\\XWECIQ743-CW_新阳光GD600MLS100L6S-CW-D125486-左.xlsx' and 'D:\\Ina\\ETL_XdmLib_2.A.13\\ETL_XdmLib_2.A.13\\EDAETL\\ETL_TABLE\\ETL_FT_SD_TO_XSIFF\\Data\\Source\\StarPower\\FT\\Module\\UNISIC\\Dynamic\\GW\\XWECIQ743-CW_新阳光GD600MLS100L6S-CW-D125486-左.xlsx' are the same file
Stack (most recent call last):
  File "D:/Ina/ETL_XdmLib_2.A.13/ETL_XdmLib_2.A.13/EDAETL/ETL_TABLE/ETL_FT_SD_TO_XSIFF/ETL_FT_SD_TO_XSIFF_20231229.py", line 539, in <module>
    skip_file, None, log, config, config_sql)
  File "../..\XdmLib\CustomFuction.py", line 629, in file2db_init
    move_file_self(move_file_info)
  File "../..\XdmLib\CustomFuction.py", line 1044, in move_file
    log.error(ex, exc_info=True, stack_info=True)
2024-01-02 14:55:22.692 - ETL_FT_SD_TO_XSIFF_20231229 [ERROR   ] [Errno 13] Permission denied: 'D:\\Ina\\ETL_XdmLib_2.A.13\\ETL_XdmLib_2.A.13\\EDAETL\\ETL_TABLE\\ETL_FT_SD_TO_XSIFF\\Data\\Source\\StarPower\\FT\\Module\\UNISIC\\Dynamic\\GW\\~$XWECIQ743-CW_新阳光GD600MLS100L6S-CW-D125486-左.xlsx'
Traceback (most recent call last):
  File "D:/Ina/ETL_XdmLib_2.A.13/ETL_XdmLib_2.A.13/EDAETL/ETL_TABLE/ETL_FT_SD_TO_XSIFF/ETL_FT_SD_TO_XSIFF_20231229.py", line 154, in do_file
    excel_data = pd.read_excel(file_path, header=None)
  File "D:\Python37\lib\site-packages\pandas\util\_decorators.py", line 296, in wrapper
    return func(*args, **kwargs)
  File "D:\Python37\lib\site-packages\pandas\io\excel\_base.py", line 304, in read_excel
    io = ExcelFile(io, engine=engine)
  File "D:\Python37\lib\site-packages\pandas\io\excel\_base.py", line 867, in __init__
    self._reader = self._engines[engine](self._io)
  File "D:\Python37\lib\site-packages\pandas\io\excel\_xlrd.py", line 22, in __init__
    super().__init__(filepath_or_buffer)
  File "D:\Python37\lib\site-packages\pandas\io\excel\_base.py", line 353, in __init__
    self.book = self.load_workbook(filepath_or_buffer)
  File "D:\Python37\lib\site-packages\pandas\io\excel\_xlrd.py", line 37, in load_workbook
    return open_workbook(filepath_or_buffer)
  File "D:\Python37\lib\site-packages\xlrd\__init__.py", line 111, in open_workbook
    with open(filename, "rb") as f:
PermissionError: [Errno 13] Permission denied: 'D:\\Ina\\ETL_XdmLib_2.A.13\\ETL_XdmLib_2.A.13\\EDAETL\\ETL_TABLE\\ETL_FT_SD_TO_XSIFF\\Data\\Source\\StarPower\\FT\\Module\\UNISIC\\Dynamic\\GW\\~$XWECIQ743-CW_新阳光GD600MLS100L6S-CW-D125486-左.xlsx'
Stack (most recent call last):
  File "D:/Ina/ETL_XdmLib_2.A.13/ETL_XdmLib_2.A.13/EDAETL/ETL_TABLE/ETL_FT_SD_TO_XSIFF/ETL_FT_SD_TO_XSIFF_20231229.py", line 539, in <module>
    skip_file, None, log, config, config_sql)
  File "../..\XdmLib\CustomFuction.py", line 597, in file2db_init
    file, pre_params, db_src, db_tgt)
  File "D:/Ina/ETL_XdmLib_2.A.13/ETL_XdmLib_2.A.13/EDAETL/ETL_TABLE/ETL_FT_SD_TO_XSIFF/ETL_FT_SD_TO_XSIFF_20231229.py", line 360, in do_file
    log.error(ex, exc_info=True, stack_info=True)
2024-01-02 14:55:22.879 - __init__   [ERROR   ] File:~$XWECIQ743-CW_新阳光GD600MLS100L6S-CW-D125486-左.xlsx Move To Error Folder
                                                Error: None
2024-01-02 14:55:22.890 - CustomFuction [ERROR   ] Move File Error
2024-01-02 14:55:22.890 - CustomFuction [ERROR   ] 'D:\\Ina\\ETL_XdmLib_2.A.13\\ETL_XdmLib_2.A.13\\EDAETL\\ETL_TABLE\\ETL_FT_SD_TO_XSIFF\\Data\\Source\\StarPower\\FT\\Module\\UNISIC\\Dynamic\\GW\\~$XWECIQ743-CW_新阳光GD600MLS100L6S-CW-D125486-左.xlsx' and 'D:\\Ina\\ETL_XdmLib_2.A.13\\ETL_XdmLib_2.A.13\\EDAETL\\ETL_TABLE\\ETL_FT_SD_TO_XSIFF\\Data\\Source\\StarPower\\FT\\Module\\UNISIC\\Dynamic\\GW\\~$XWECIQ743-CW_新阳光GD600MLS100L6S-CW-D125486-左.xlsx' are the same file
Traceback (most recent call last):
  File "D:\Python37\lib\shutil.py", line 557, in move
    os.rename(src, real_dst)
PermissionError: [WinError 32] 另一个程序正在使用此文件，进程无法访问。: 'D:\\Ina\\ETL_XdmLib_2.A.13\\ETL_XdmLib_2.A.13\\EDAETL\\ETL_TABLE\\ETL_FT_SD_TO_XSIFF\\Data\\Source\\StarPower\\FT\\Module\\UNISIC\\Dynamic\\GW\\~$XWECIQ743-CW_新阳光GD600MLS100L6S-CW-D125486-左.xlsx' -> 'D:\\Ina\\ETL_XdmLib_2.A.13\\ETL_XdmLib_2.A.13\\EDAETL\\ETL_TABLE\\ETL_FT_SD_TO_XSIFF\\Data\\Source\\StarPower\\FT\\Module\\UNISIC\\Dynamic\\GW\\~$XWECIQ743-CW_新阳光GD600MLS100L6S-CW-D125486-左.xlsx'

During handling of the above exception, another exception occurred:

Traceback (most recent call last):
  File "../..\XdmLib\CustomFuction.py", line 1036, in move_file
    os.path.join(target_path, fileName))
  File "D:\Python37\lib\shutil.py", line 571, in move
    copy_function(src, real_dst)
  File "D:\Python37\lib\shutil.py", line 257, in copy2
    copyfile(src, dst, follow_symlinks=follow_symlinks)
  File "D:\Python37\lib\shutil.py", line 104, in copyfile
    raise SameFileError("{!r} and {!r} are the same file".format(src, dst))
shutil.SameFileError: 'D:\\Ina\\ETL_XdmLib_2.A.13\\ETL_XdmLib_2.A.13\\EDAETL\\ETL_TABLE\\ETL_FT_SD_TO_XSIFF\\Data\\Source\\StarPower\\FT\\Module\\UNISIC\\Dynamic\\GW\\~$XWECIQ743-CW_新阳光GD600MLS100L6S-CW-D125486-左.xlsx' and 'D:\\Ina\\ETL_XdmLib_2.A.13\\ETL_XdmLib_2.A.13\\EDAETL\\ETL_TABLE\\ETL_FT_SD_TO_XSIFF\\Data\\Source\\StarPower\\FT\\Module\\UNISIC\\Dynamic\\GW\\~$XWECIQ743-CW_新阳光GD600MLS100L6S-CW-D125486-左.xlsx' are the same file
Stack (most recent call last):
  File "D:/Ina/ETL_XdmLib_2.A.13/ETL_XdmLib_2.A.13/EDAETL/ETL_TABLE/ETL_FT_SD_TO_XSIFF/ETL_FT_SD_TO_XSIFF_20231229.py", line 539, in <module>
    skip_file, None, log, config, config_sql)
  File "../..\XdmLib\CustomFuction.py", line 629, in file2db_init
    move_file_self(move_file_info)
  File "../..\XdmLib\CustomFuction.py", line 1044, in move_file
    log.error(ex, exc_info=True, stack_info=True)
2024-01-02 14:56:34.812 - CustomFuction [ERROR   ] Move File Error
2024-01-02 14:56:34.814 - CustomFuction [ERROR   ] 'D:\\Ina\\ETL_XdmLib_2.A.13\\ETL_XdmLib_2.A.13\\EDAETL\\ETL_TABLE\\ETL_FT_SD_TO_XSIFF\\Data\\Source\\StarPower\\FT\\Module\\UNISIC\\Dynamic\\GW\\XWECIQ743-CW_新阳光GD600MLS100L6S-CW-D125486-左.xlsx' and 'D:\\Ina\\ETL_XdmLib_2.A.13\\ETL_XdmLib_2.A.13\\EDAETL\\ETL_TABLE\\ETL_FT_SD_TO_XSIFF\\Data\\Source\\StarPower\\FT\\Module\\UNISIC\\Dynamic\\GW\\XWECIQ743-CW_新阳光GD600MLS100L6S-CW-D125486-左.xlsx' are the same file
Traceback (most recent call last):
  File "D:\Python37\lib\shutil.py", line 557, in move
    os.rename(src, real_dst)
PermissionError: [WinError 32] 另一个程序正在使用此文件，进程无法访问。: 'D:\\Ina\\ETL_XdmLib_2.A.13\\ETL_XdmLib_2.A.13\\EDAETL\\ETL_TABLE\\ETL_FT_SD_TO_XSIFF\\Data\\Source\\StarPower\\FT\\Module\\UNISIC\\Dynamic\\GW\\XWECIQ743-CW_新阳光GD600MLS100L6S-CW-D125486-左.xlsx' -> 'D:\\Ina\\ETL_XdmLib_2.A.13\\ETL_XdmLib_2.A.13\\EDAETL\\ETL_TABLE\\ETL_FT_SD_TO_XSIFF\\Data\\Source\\StarPower\\FT\\Module\\UNISIC\\Dynamic\\GW\\XWECIQ743-CW_新阳光GD600MLS100L6S-CW-D125486-左.xlsx'

During handling of the above exception, another exception occurred:

Traceback (most recent call last):
  File "../..\XdmLib\CustomFuction.py", line 1036, in move_file
    os.path.join(target_path, fileName))
  File "D:\Python37\lib\shutil.py", line 571, in move
    copy_function(src, real_dst)
  File "D:\Python37\lib\shutil.py", line 257, in copy2
    copyfile(src, dst, follow_symlinks=follow_symlinks)
  File "D:\Python37\lib\shutil.py", line 104, in copyfile
    raise SameFileError("{!r} and {!r} are the same file".format(src, dst))
shutil.SameFileError: 'D:\\Ina\\ETL_XdmLib_2.A.13\\ETL_XdmLib_2.A.13\\EDAETL\\ETL_TABLE\\ETL_FT_SD_TO_XSIFF\\Data\\Source\\StarPower\\FT\\Module\\UNISIC\\Dynamic\\GW\\XWECIQ743-CW_新阳光GD600MLS100L6S-CW-D125486-左.xlsx' and 'D:\\Ina\\ETL_XdmLib_2.A.13\\ETL_XdmLib_2.A.13\\EDAETL\\ETL_TABLE\\ETL_FT_SD_TO_XSIFF\\Data\\Source\\StarPower\\FT\\Module\\UNISIC\\Dynamic\\GW\\XWECIQ743-CW_新阳光GD600MLS100L6S-CW-D125486-左.xlsx' are the same file
Stack (most recent call last):
  File "D:/Ina/ETL_XdmLib_2.A.13/ETL_XdmLib_2.A.13/EDAETL/ETL_TABLE/ETL_FT_SD_TO_XSIFF/ETL_FT_SD_TO_XSIFF_20231229.py", line 540, in <module>
    skip_file, None, log, config, config_sql)
  File "../..\XdmLib\CustomFuction.py", line 629, in file2db_init
    move_file_self(move_file_info)
  File "../..\XdmLib\CustomFuction.py", line 1044, in move_file
    log.error(ex, exc_info=True, stack_info=True)
2024-01-02 14:56:34.873 - ETL_FT_SD_TO_XSIFF_20231229 [ERROR   ] [Errno 13] Permission denied: 'D:\\Ina\\ETL_XdmLib_2.A.13\\ETL_XdmLib_2.A.13\\EDAETL\\ETL_TABLE\\ETL_FT_SD_TO_XSIFF\\Data\\Source\\StarPower\\FT\\Module\\UNISIC\\Dynamic\\GW\\~$XWECIQ743-CW_新阳光GD600MLS100L6S-CW-D125486-左.xlsx'
Traceback (most recent call last):
  File "D:/Ina/ETL_XdmLib_2.A.13/ETL_XdmLib_2.A.13/EDAETL/ETL_TABLE/ETL_FT_SD_TO_XSIFF/ETL_FT_SD_TO_XSIFF_20231229.py", line 154, in do_file
    excel_data = pd.read_excel(file_path, header=None)
  File "D:\Python37\lib\site-packages\pandas\util\_decorators.py", line 296, in wrapper
    return func(*args, **kwargs)
  File "D:\Python37\lib\site-packages\pandas\io\excel\_base.py", line 304, in read_excel
    io = ExcelFile(io, engine=engine)
  File "D:\Python37\lib\site-packages\pandas\io\excel\_base.py", line 867, in __init__
    self._reader = self._engines[engine](self._io)
  File "D:\Python37\lib\site-packages\pandas\io\excel\_xlrd.py", line 22, in __init__
    super().__init__(filepath_or_buffer)
  File "D:\Python37\lib\site-packages\pandas\io\excel\_base.py", line 353, in __init__
    self.book = self.load_workbook(filepath_or_buffer)
  File "D:\Python37\lib\site-packages\pandas\io\excel\_xlrd.py", line 37, in load_workbook
    return open_workbook(filepath_or_buffer)
  File "D:\Python37\lib\site-packages\xlrd\__init__.py", line 111, in open_workbook
    with open(filename, "rb") as f:
PermissionError: [Errno 13] Permission denied: 'D:\\Ina\\ETL_XdmLib_2.A.13\\ETL_XdmLib_2.A.13\\EDAETL\\ETL_TABLE\\ETL_FT_SD_TO_XSIFF\\Data\\Source\\StarPower\\FT\\Module\\UNISIC\\Dynamic\\GW\\~$XWECIQ743-CW_新阳光GD600MLS100L6S-CW-D125486-左.xlsx'
Stack (most recent call last):
  File "D:/Ina/ETL_XdmLib_2.A.13/ETL_XdmLib_2.A.13/EDAETL/ETL_TABLE/ETL_FT_SD_TO_XSIFF/ETL_FT_SD_TO_XSIFF_20231229.py", line 540, in <module>
    skip_file, None, log, config, config_sql)
  File "../..\XdmLib\CustomFuction.py", line 597, in file2db_init
    file, pre_params, db_src, db_tgt)
  File "D:/Ina/ETL_XdmLib_2.A.13/ETL_XdmLib_2.A.13/EDAETL/ETL_TABLE/ETL_FT_SD_TO_XSIFF/ETL_FT_SD_TO_XSIFF_20231229.py", line 361, in do_file
    log.error(ex, exc_info=True, stack_info=True)
2024-01-02 14:56:35.029 - __init__   [ERROR   ] File:~$XWECIQ743-CW_新阳光GD600MLS100L6S-CW-D125486-左.xlsx Move To Error Folder
                                                Error: None
2024-01-02 14:56:35.040 - CustomFuction [ERROR   ] Move File Error
2024-01-02 14:56:35.040 - CustomFuction [ERROR   ] 'D:\\Ina\\ETL_XdmLib_2.A.13\\ETL_XdmLib_2.A.13\\EDAETL\\ETL_TABLE\\ETL_FT_SD_TO_XSIFF\\Data\\Source\\StarPower\\FT\\Module\\UNISIC\\Dynamic\\GW\\~$XWECIQ743-CW_新阳光GD600MLS100L6S-CW-D125486-左.xlsx' and 'D:\\Ina\\ETL_XdmLib_2.A.13\\ETL_XdmLib_2.A.13\\EDAETL\\ETL_TABLE\\ETL_FT_SD_TO_XSIFF\\Data\\Source\\StarPower\\FT\\Module\\UNISIC\\Dynamic\\GW\\~$XWECIQ743-CW_新阳光GD600MLS100L6S-CW-D125486-左.xlsx' are the same file
Traceback (most recent call last):
  File "D:\Python37\lib\shutil.py", line 557, in move
    os.rename(src, real_dst)
PermissionError: [WinError 32] 另一个程序正在使用此文件，进程无法访问。: 'D:\\Ina\\ETL_XdmLib_2.A.13\\ETL_XdmLib_2.A.13\\EDAETL\\ETL_TABLE\\ETL_FT_SD_TO_XSIFF\\Data\\Source\\StarPower\\FT\\Module\\UNISIC\\Dynamic\\GW\\~$XWECIQ743-CW_新阳光GD600MLS100L6S-CW-D125486-左.xlsx' -> 'D:\\Ina\\ETL_XdmLib_2.A.13\\ETL_XdmLib_2.A.13\\EDAETL\\ETL_TABLE\\ETL_FT_SD_TO_XSIFF\\Data\\Source\\StarPower\\FT\\Module\\UNISIC\\Dynamic\\GW\\~$XWECIQ743-CW_新阳光GD600MLS100L6S-CW-D125486-左.xlsx'

During handling of the above exception, another exception occurred:

Traceback (most recent call last):
  File "../..\XdmLib\CustomFuction.py", line 1036, in move_file
    os.path.join(target_path, fileName))
  File "D:\Python37\lib\shutil.py", line 571, in move
    copy_function(src, real_dst)
  File "D:\Python37\lib\shutil.py", line 257, in copy2
    copyfile(src, dst, follow_symlinks=follow_symlinks)
  File "D:\Python37\lib\shutil.py", line 104, in copyfile
    raise SameFileError("{!r} and {!r} are the same file".format(src, dst))
shutil.SameFileError: 'D:\\Ina\\ETL_XdmLib_2.A.13\\ETL_XdmLib_2.A.13\\EDAETL\\ETL_TABLE\\ETL_FT_SD_TO_XSIFF\\Data\\Source\\StarPower\\FT\\Module\\UNISIC\\Dynamic\\GW\\~$XWECIQ743-CW_新阳光GD600MLS100L6S-CW-D125486-左.xlsx' and 'D:\\Ina\\ETL_XdmLib_2.A.13\\ETL_XdmLib_2.A.13\\EDAETL\\ETL_TABLE\\ETL_FT_SD_TO_XSIFF\\Data\\Source\\StarPower\\FT\\Module\\UNISIC\\Dynamic\\GW\\~$XWECIQ743-CW_新阳光GD600MLS100L6S-CW-D125486-左.xlsx' are the same file
Stack (most recent call last):
  File "D:/Ina/ETL_XdmLib_2.A.13/ETL_XdmLib_2.A.13/EDAETL/ETL_TABLE/ETL_FT_SD_TO_XSIFF/ETL_FT_SD_TO_XSIFF_20231229.py", line 540, in <module>
    skip_file, None, log, config, config_sql)
  File "../..\XdmLib\CustomFuction.py", line 629, in file2db_init
    move_file_self(move_file_info)
  File "../..\XdmLib\CustomFuction.py", line 1044, in move_file
    log.error(ex, exc_info=True, stack_info=True)
